SF:lib/color_constants.dart
DA:7,3
LF:1
LH:1
end_of_record
SF:lib/app/models/event_model.dart
DA:25,3
DA:43,1
DA:44,2
DA:45,2
DA:46,2
DA:47,2
DA:52,1
DA:55,2
DA:57,2
DA:58,4
DA:59,4
DA:60,4
DA:61,4
LF:13
LH:13
end_of_record
SF:lib/app/models/user_model.dart
DA:23,9
DA:26,1
DA:27,2
DA:28,2
DA:29,2
DA:30,2
DA:31,2
DA:32,2
DA:33,2
DA:34,2
DA:35,2
DA:36,2
DA:40,1
DA:43,2
DA:45,2
DA:46,4
DA:47,4
DA:48,4
DA:49,4
DA:50,4
DA:51,4
DA:52,4
DA:53,4
DA:54,4
DA:55,4
DA:56,4
LF:26
LH:26
end_of_record
SF:lib/app/models/parents/model.dart
DA:12,2
DA:15,4
DA:16,8
DA:19,3
DA:21,9
DA:24,0
DA:25,0
DA:29,2
DA:31,4
DA:35,4
DA:37,4
DA:38,8
DA:42,0
DA:50,1
DA:53,1
DA:54,3
DA:58,2
DA:62,1
DA:65,1
DA:66,2
DA:70,2
DA:74,4
DA:76,4
DA:77,8
DA:78,3
DA:80,4
DA:84,2
DA:88,1
DA:90,1
DA:91,2
DA:92,0
DA:94,2
DA:95,0
DA:97,4
DA:101,2
DA:105,1
DA:107,1
DA:108,2
DA:109,0
DA:110,2
DA:111,2
DA:112,2
DA:114,2
DA:117,0
DA:118,0
DA:123,0
LF:46
LH:37
end_of_record
SF:lib/app/models/feedback_model.dart
DA:10,0
DA:12,0
DA:15,0
LF:3
LH:0
end_of_record
SF:lib/app/models/post_model.dart
DA:29,5
DA:52,1
DA:53,2
DA:54,2
DA:55,2
DA:56,2
DA:61,1
DA:64,1
DA:66,1
DA:67,2
DA:68,2
DA:69,2
DA:70,2
LF:13
LH:13
end_of_record
SF:lib/app/providers/laravel_provider.dart
DA:33,1
DA:34,3
DA:35,5
DA:41,0
DA:42,0
DA:43,0
DA:49,0
DA:51,0
DA:52,0
DA:57,1
DA:59,1
DA:64,1
DA:65,4
DA:66,1
DA:67,1
DA:68,1
DA:69,1
DA:70,1
DA:71,1
DA:72,1
DA:73,1
DA:74,1
DA:75,1
DA:78,0
DA:79,0
DA:80,0
DA:82,0
DA:83,0
DA:84,0
DA:89,0
DA:91,0
DA:113,0
DA:115,0
DA:118,0
DA:119,0
DA:120,0
DA:121,0
DA:122,0
DA:123,0
DA:124,0
DA:125,0
DA:126,0
DA:127,0
DA:133,0
DA:134,0
DA:135,0
DA:136,0
DA:137,0
DA:140,0
DA:143,0
DA:144,0
DA:145,0
DA:148,0
DA:153,0
DA:155,0
DA:158,0
DA:159,0
DA:160,0
DA:161,0
DA:162,0
DA:163,0
DA:164,0
DA:165,0
DA:166,0
DA:167,0
DA:173,0
DA:174,0
DA:176,0
DA:177,0
DA:178,0
DA:181,0
DA:186,0
DA:188,0
DA:191,0
DA:192,0
DA:193,0
DA:194,0
DA:195,0
DA:196,0
DA:197,0
DA:198,0
DA:199,0
DA:200,0
DA:201,0
DA:202,0
DA:203,0
DA:207,0
DA:208,0
DA:209,0
DA:212,0
DA:214,0
DA:236,1
DA:238,1
DA:242,1
DA:243,2
DA:244,1
DA:245,1
DA:247,0
DA:248,0
DA:249,0
DA:251,1
DA:252,1
DA:253,3
DA:254,1
DA:282,1
DA:284,1
DA:287,1
DA:288,1
DA:289,1
DA:290,1
DA:291,1
DA:292,1
DA:293,1
DA:294,1
DA:295,3
DA:296,1
DA:319,0
DA:321,0
DA:324,0
DA:325,0
DA:326,0
DA:327,0
DA:328,0
DA:329,0
DA:330,0
DA:331,0
DA:332,0
DA:333,0
DA:356,0
DA:358,0
DA:362,0
DA:365,0
DA:366,0
DA:367,0
DA:368,0
DA:375,0
DA:376,0
DA:377,0
DA:378,0
DA:379,0
DA:380,0
DA:381,0
DA:382,0
DA:383,0
DA:385,0
DA:386,0
DA:387,0
DA:388,0
DA:390,0
DA:391,0
DA:401,0
DA:404,0
DA:405,0
DA:406,0
DA:409,0
DA:414,0
DA:416,0
DA:419,0
DA:420,0
DA:421,0
DA:422,0
DA:423,0
DA:424,0
DA:425,0
DA:426,0
DA:427,0
DA:428,0
DA:434,0
DA:435,0
DA:437,0
DA:438,0
DA:439,0
DA:442,0
DA:447,0
DA:449,0
DA:452,0
DA:453,0
DA:454,0
DA:455,0
DA:456,0
DA:457,0
DA:458,0
DA:459,0
DA:460,0
DA:461,0
DA:467,0
DA:468,0
DA:470,0
DA:471,0
DA:472,0
DA:475,0
DA:480,0
DA:482,0
DA:485,0
DA:486,0
DA:487,0
DA:488,0
DA:489,0
DA:490,0
DA:492,0
DA:493,0
DA:494,0
DA:496,0
DA:497,0
DA:500,0
DA:501,0
DA:502,0
DA:507,0
DA:509,0
DA:533,1
DA:535,1
DA:539,1
DA:540,1
DA:541,1
DA:542,2
DA:543,1
DA:568,0
DA:570,0
DA:574,0
DA:575,0
DA:576,0
DA:577,0
DA:600,1
DA:602,1
DA:606,1
DA:607,1
DA:608,3
DA:609,1
DA:634,1
DA:636,2
DA:637,1
DA:640,1
DA:641,1
DA:642,1
DA:643,1
DA:644,2
DA:646,1
DA:647,1
DA:648,3
DA:649,1
DA:673,1
DA:675,1
DA:678,1
DA:679,1
DA:680,1
DA:681,1
DA:682,1
DA:683,1
DA:684,1
DA:685,4
DA:686,3
DA:687,1
DA:689,1
DA:690,1
DA:691,1
DA:692,1
DA:693,1
DA:694,2
DA:697,1
DA:698,3
DA:699,2
DA:700,4
DA:703,0
DA:704,0
DA:705,0
DA:708,0
DA:709,0
DA:714,0
DA:715,0
DA:720,0
DA:722,0
DA:744,1
DA:746,1
DA:749,1
DA:750,1
DA:751,1
DA:752,1
DA:753,1
DA:754,1
DA:756,1
DA:757,5
DA:758,3
DA:759,1
DA:761,1
DA:762,1
DA:763,1
DA:764,1
DA:765,1
DA:766,2
DA:767,2
DA:771,1
DA:772,3
DA:773,2
DA:774,4
DA:777,0
DA:778,0
DA:783,0
DA:784,0
DA:788,0
DA:790,0
DA:813,1
DA:815,1
DA:818,1
DA:819,1
DA:820,1
DA:821,1
DA:822,1
DA:823,1
DA:824,1
DA:825,1
DA:826,3
DA:827,1
DA:851,1
DA:853,1
DA:856,1
DA:857,1
DA:858,1
DA:859,1
DA:860,1
DA:861,1
DA:862,1
DA:863,1
DA:864,3
DA:865,1
DA:888,1
DA:890,1
DA:893,1
DA:894,1
DA:895,1
DA:896,1
DA:897,1
DA:898,1
DA:899,2
DA:902,1
DA:903,1
DA:904,3
DA:905,1
DA:931,1
DA:933,1
DA:936,1
DA:937,1
DA:938,1
DA:939,1
DA:940,1
DA:941,1
DA:942,1
DA:943,1
DA:944,3
DA:945,1
DA:967,1
DA:969,1
DA:972,1
DA:973,1
DA:974,1
DA:975,1
DA:976,1
DA:977,1
DA:978,1
DA:979,1
DA:980,3
DA:981,1
DA:1006,1
DA:1008,1
DA:1011,1
DA:1012,1
DA:1013,1
DA:1014,1
DA:1015,2
DA:1017,1
DA:1018,1
DA:1019,3
DA:1020,1
DA:1046,1
DA:1048,1
DA:1051,1
DA:1052,1
DA:1053,1
DA:1054,1
DA:1055,2
DA:1057,1
DA:1058,1
DA:1059,1
DA:1060,2
DA:1061,1
DA:1088,1
DA:1090,1
DA:1093,1
DA:1094,1
DA:1095,1
DA:1096,1
DA:1097,2
DA:1099,1
DA:1100,1
DA:1101,3
DA:1102,1
DA:1127,1
DA:1129,1
DA:1132,1
DA:1133,1
DA:1134,1
DA:1135,1
DA:1136,1
DA:1137,1
DA:1138,1
DA:1139,1
DA:1140,3
DA:1141,1
DA:1163,1
DA:1165,1
DA:1168,1
DA:1169,1
DA:1170,1
DA:1171,1
DA:1172,1
DA:1173,1
DA:1175,1
DA:1176,4
DA:1177,3
DA:1178,1
DA:1179,1
DA:1180,1
DA:1181,1
DA:1182,1
DA:1183,1
DA:1184,1
DA:1185,1
DA:1186,1
DA:1187,1
DA:1188,1
DA:1189,1
DA:1190,3
DA:1191,2
DA:1193,1
DA:1194,1
DA:1195,1
DA:1196,1
DA:1197,1
DA:1198,1
DA:1199,1
DA:1202,2
DA:1203,4
DA:1205,0
DA:1206,0
DA:1226,0
DA:1228,0
DA:1231,0
DA:1232,0
DA:1233,0
DA:1234,0
DA:1235,0
DA:1236,0
DA:1238,0
DA:1239,0
DA:1240,0
DA:1241,0
DA:1242,0
DA:1243,0
DA:1244,0
DA:1245,0
DA:1246,0
DA:1247,0
DA:1248,0
DA:1249,0
DA:1250,0
DA:1251,0
DA:1252,0
DA:1254,0
DA:1255,0
DA:1256,0
DA:1257,0
DA:1258,0
DA:1259,0
DA:1260,0
DA:1261,0
DA:1265,0
DA:1266,0
DA:1267,0
DA:1270,0
DA:1272,0
DA:1294,1
DA:1296,1
DA:1299,1
DA:1300,1
DA:1301,1
DA:1302,1
DA:1303,1
DA:1304,1
DA:1305,1
DA:1306,1
DA:1307,3
DA:1308,1
DA:1333,1
DA:1335,1
DA:1338,1
DA:1339,1
DA:1340,1
DA:1341,1
DA:1342,2
DA:1344,1
DA:1345,1
DA:1346,1
DA:1347,2
DA:1348,1
DA:1374,1
DA:1376,2
DA:1377,1
DA:1380,1
DA:1381,1
DA:1382,1
DA:1383,1
DA:1384,2
DA:1386,1
DA:1387,1
DA:1388,1
DA:1389,2
DA:1390,1
LF:516
LH:287
end_of_record
SF:lib/app/services/auth_service.dart
DA:13,4
DA:14,8
DA:15,8
DA:18,0
DA:19,0
DA:20,0
DA:22,0
DA:26,0
DA:27,0
DA:28,0
DA:35,0
DA:36,0
DA:37,0
DA:38,0
DA:41,0
LF:15
LH:3
end_of_record
SF:lib/app/repositories/user_repository.dart
DA:8,0
DA:9,0
DA:10,0
DA:13,0
DA:14,0
DA:15,0
DA:18,0
DA:19,0
DA:20,0
DA:25,0
DA:26,0
DA:27,0
DA:30,0
DA:31,0
DA:32,0
DA:35,0
DA:36,0
DA:37,0
DA:40,0
DA:41,0
DA:42,0
DA:45,0
DA:46,0
DA:47,0
DA:50,0
DA:51,0
DA:52,0
DA:55,0
DA:56,0
DA:57,0
DA:60,0
DA:61,0
DA:62,0
LF:33
LH:0
end_of_record
SF:lib/app/models/setting_model.dart
DA:16,2
LF:1
LH:1
end_of_record
SF:lib/app/modules/auth/controllers/auth_controller.dart
DA:108,1
DA:110,4
DA:111,2
DA:113,2
DA:114,2
DA:115,2
DA:116,2
DA:117,2
DA:123,1
DA:125,2
DA:126,2
DA:127,2
DA:128,2
DA:296,1
DA:300,1
DA:301,2
DA:304,1
DA:305,1
DA:306,1
DA:307,1
DA:308,1
DA:309,3
DA:310,5
DA:311,2
DA:314,3
DA:318,1
DA:319,5
DA:323,1
DA:324,1
DA:325,1
DA:326,1
DA:327,1
DA:328,3
DA:329,5
DA:330,2
DA:333,3
DA:337,1
DA:338,5
DA:342,1
DA:343,1
DA:344,1
DA:345,1
DA:346,1
DA:347,3
DA:348,5
DA:349,2
DA:352,3
DA:357,1
DA:358,1
DA:359,1
DA:360,1
DA:361,1
DA:362,3
DA:363,5
DA:364,2
DA:367,3
DA:371,0
DA:372,0
DA:374,0
DA:376,0
DA:377,0
DA:378,0
DA:379,0
DA:380,0
DA:381,0
DA:382,0
DA:383,0
DA:384,0
DA:385,0
DA:386,0
DA:390,0
DA:391,0
DA:392,0
DA:395,0
DA:403,0
DA:405,0
DA:406,0
DA:407,0
DA:408,0
DA:409,0
DA:410,0
DA:411,0
DA:412,0
DA:413,0
DA:414,0
DA:415,0
DA:419,0
DA:420,0
DA:421,0
DA:422,0
DA:425,0
DA:431,1
DA:434,2
DA:435,6
DA:436,6
DA:437,2
DA:438,0
DA:439,0
DA:444,2
DA:445,0
DA:449,2
DA:454,1
DA:456,2
DA:458,4
DA:459,6
DA:460,6
DA:461,6
DA:462,6
DA:463,6
DA:464,6
DA:465,6
DA:466,6
DA:468,1
DA:470,3
DA:471,2
DA:472,2
DA:473,2
DA:474,2
DA:476,2
DA:477,0
DA:478,0
DA:485,2
DA:486,0
DA:490,2
DA:499,1
DA:502,2
DA:503,1
DA:504,2
DA:505,4
DA:506,4
DA:508,6
DA:509,5
DA:514,2
DA:515,0
DA:521,1
DA:523,2
DA:524,2
DA:525,3
DA:526,0
DA:527,0
DA:531,2
DA:532,2
DA:533,0
DA:536,2
DA:544,1
DA:546,2
DA:547,2
DA:548,3
DA:549,0
DA:550,0
DA:554,2
DA:555,2
DA:556,0
DA:559,2
DA:568,1
DA:570,2
DA:571,2
DA:574,2
DA:575,2
DA:576,0
DA:579,2
DA:588,1
DA:589,2
LF:163
LH:114
end_of_record
SF:lib/app/modules/community/controllers/community_controller.dart
DA:147,1
DA:151,0
DA:153,0
DA:155,0
DA:156,0
DA:158,0
DA:159,0
DA:160,0
DA:161,0
DA:162,0
DA:166,0
DA:168,0
DA:170,0
DA:173,0
DA:174,0
DA:175,0
DA:178,0
DA:179,0
DA:180,0
DA:181,0
DA:183,0
DA:188,0
DA:189,0
DA:190,0
DA:195,0
DA:199,0
DA:200,0
DA:201,0
DA:204,0
DA:205,0
DA:206,0
DA:207,0
DA:209,0
DA:213,0
DA:214,0
DA:215,0
DA:225,0
DA:227,0
DA:228,0
DA:231,0
DA:232,0
DA:233,0
DA:234,0
DA:235,0
DA:236,0
DA:237,0
DA:238,0
DA:241,0
DA:242,0
DA:243,0
DA:244,0
DA:245,0
DA:246,0
DA:250,1
DA:251,2
DA:252,1
DA:253,2
DA:256,2
DA:257,1
DA:258,3
DA:259,5
DA:260,4
DA:261,4
DA:262,4
DA:264,1
DA:265,2
DA:266,2
DA:267,2
DA:268,2
DA:269,2
DA:270,2
DA:271,2
DA:272,2
DA:274,2
DA:275,3
DA:276,2
DA:277,3
DA:282,3
DA:283,1
DA:285,2
DA:290,2
DA:291,0
DA:295,2
DA:302,0
DA:303,0
DA:304,0
DA:305,0
DA:307,0
DA:308,0
DA:309,0
DA:310,0
DA:311,0
DA:312,0
DA:313,0
DA:314,0
DA:316,0
DA:317,0
DA:318,0
DA:319,0
DA:320,0
DA:321,0
DA:322,0
DA:323,0
DA:324,0
DA:326,0
DA:327,0
DA:328,0
DA:329,0
DA:335,0
DA:337,0
DA:338,0
DA:339,0
DA:344,0
DA:347,0
DA:353,0
DA:354,0
DA:358,0
DA:359,0
DA:360,0
DA:361,0
DA:363,0
DA:364,0
DA:365,0
DA:366,0
DA:367,0
DA:368,0
DA:369,0
DA:370,0
DA:372,0
DA:373,0
DA:374,0
DA:375,0
DA:376,0
DA:377,0
DA:378,0
DA:379,0
DA:380,0
DA:382,0
DA:383,0
DA:384,0
DA:385,0
DA:391,0
DA:393,0
DA:394,0
DA:395,0
DA:400,0
DA:403,0
DA:409,0
DA:410,0
DA:411,0
DA:412,0
DA:417,1
DA:418,2
DA:421,1
DA:422,1
DA:423,1
DA:424,1
DA:425,1
DA:426,3
DA:427,5
DA:428,2
DA:431,0
DA:435,1
DA:436,5
DA:440,1
DA:441,1
DA:442,1
DA:443,1
DA:444,1
DA:445,3
DA:446,5
DA:447,2
DA:450,3
DA:454,1
DA:455,5
DA:459,1
DA:460,1
DA:461,1
DA:462,1
DA:463,1
DA:464,3
DA:465,5
DA:466,2
DA:469,3
DA:473,1
DA:474,1
DA:475,1
DA:476,1
DA:477,1
DA:478,3
DA:479,5
DA:480,2
DA:483,3
DA:486,1
DA:487,2
DA:490,0
DA:492,0
DA:494,0
DA:497,0
DA:498,0
DA:499,0
DA:500,0
DA:501,0
DA:502,0
DA:503,0
DA:504,0
DA:510,0
DA:514,0
DA:515,0
DA:521,0
DA:523,0
DA:524,0
DA:525,0
DA:526,0
DA:527,0
DA:528,0
DA:529,0
DA:530,0
DA:536,0
DA:541,0
DA:542,0
DA:545,0
DA:550,0
DA:551,0
DA:552,0
DA:553,0
DA:554,0
DA:557,0
DA:560,0
DA:561,0
DA:562,0
DA:563,0
DA:564,0
DA:570,0
DA:572,0
DA:573,0
DA:574,0
DA:579,0
DA:580,0
DA:588,0
DA:589,0
DA:591,0
DA:593,0
DA:594,0
DA:595,0
DA:596,0
DA:597,0
DA:598,0
DA:599,0
DA:600,0
DA:601,0
DA:602,0
DA:606,0
DA:607,0
DA:610,0
DA:618,0
DA:620,0
DA:621,0
DA:622,0
DA:623,0
DA:624,0
DA:625,0
DA:626,0
DA:627,0
DA:628,0
DA:629,0
DA:630,0
DA:634,0
DA:635,0
DA:636,0
DA:637,0
DA:640,0
DA:646,0
DA:648,0
DA:652,0
DA:657,0
DA:659,0
DA:660,0
DA:661,0
DA:662,0
DA:663,0
DA:664,0
DA:665,0
DA:666,0
DA:669,0
DA:671,0
DA:672,0
DA:673,0
DA:674,0
DA:675,0
DA:676,0
DA:677,0
DA:678,0
DA:679,0
DA:680,0
DA:681,0
DA:682,0
DA:683,0
DA:684,0
DA:687,0
DA:692,0
DA:693,0
DA:696,0
DA:697,0
DA:704,0
DA:705,0
DA:707,0
DA:708,0
DA:709,0
DA:710,0
DA:711,0
DA:712,0
DA:713,0
DA:714,0
DA:715,0
DA:716,0
DA:720,0
DA:721,0
DA:724,0
DA:730,0
DA:732,0
DA:733,0
DA:737,0
DA:740,0
DA:748,1
DA:749,4
DA:750,4
DA:751,4
DA:752,4
DA:753,4
DA:754,4
DA:755,4
DA:756,4
DA:757,4
DA:758,4
DA:759,4
DA:760,4
DA:761,4
DA:762,4
DA:763,4
DA:764,4
DA:765,4
DA:768,1
DA:770,2
DA:771,2
DA:772,2
DA:773,4
DA:774,3
DA:775,3
DA:776,3
DA:778,1
DA:779,1
DA:780,1
DA:781,1
DA:782,1
DA:783,1
DA:784,1
DA:785,1
DA:786,1
DA:788,1
DA:789,2
DA:790,2
DA:791,1
DA:792,1
DA:793,2
DA:794,2
DA:795,2
DA:798,2
DA:799,1
DA:803,2
DA:804,2
DA:805,0
DA:814,0
DA:816,0
DA:817,0
DA:818,0
DA:819,0
DA:820,0
DA:821,0
DA:822,0
DA:824,0
DA:825,0
DA:826,0
DA:827,0
DA:828,0
DA:829,0
DA:830,0
DA:831,0
DA:832,0
DA:834,0
DA:835,0
DA:836,0
DA:839,0
DA:844,0
DA:845,0
DA:848,0
DA:853,0
DA:855,0
DA:856,0
DA:857,0
DA:859,0
DA:860,0
DA:861,0
DA:865,0
DA:866,0
DA:867,0
DA:871,0
DA:880,0
DA:881,0
DA:883,0
DA:884,0
DA:885,0
DA:886,0
DA:887,0
DA:888,0
DA:889,0
DA:893,0
DA:902,0
DA:905,0
DA:911,0
DA:912,0
DA:921,0
DA:924,0
DA:930,0
DA:931,0
DA:942,0
DA:943,0
DA:944,0
DA:946,0
DA:949,0
DA:953,0
DA:954,0
DA:956,0
DA:961,0
DA:963,0
DA:964,0
DA:966,0
DA:967,0
DA:968,0
DA:969,0
DA:970,0
DA:972,0
DA:973,0
DA:977,0
LF:444
LH:120
end_of_record
SF:lib/app/modules/events/controllers/events_controller.dart
DA:102,1
DA:103,2
DA:107,0
DA:109,0
DA:110,0
DA:111,0
DA:113,0
DA:114,0
DA:115,0
DA:116,0
DA:117,0
DA:178,0
DA:183,1
DA:184,2
DA:185,2
DA:186,2
DA:187,2
DA:188,0
DA:191,4
DA:194,3
DA:195,1
DA:198,0
DA:200,0
DA:201,0
DA:204,1
DA:205,2
DA:206,2
DA:207,2
DA:208,2
DA:209,2
DA:210,2
DA:213,1
DA:215,1
DA:217,3
DA:220,1
DA:221,2
DA:222,3
DA:223,0
DA:224,0
DA:225,0
DA:226,0
DA:227,0
DA:233,2
DA:237,2
DA:238,3
DA:244,0
DA:246,0
DA:247,0
DA:248,0
DA:249,0
DA:250,0
DA:251,0
DA:252,0
DA:253,0
DA:259,0
DA:264,0
DA:265,0
DA:268,0
DA:287,1
DA:288,2
DA:291,1
DA:292,1
DA:293,1
DA:294,1
DA:295,1
DA:296,3
DA:297,5
DA:298,2
DA:301,3
DA:305,1
DA:306,6
DA:307,5
DA:311,1
DA:312,1
DA:313,1
DA:314,1
DA:315,1
DA:316,3
DA:317,5
DA:318,2
DA:321,3
DA:325,1
DA:326,5
DA:330,1
DA:331,1
DA:332,1
DA:333,1
DA:334,1
DA:335,3
DA:336,5
DA:337,2
DA:340,3
DA:346,1
DA:347,1
DA:348,1
DA:349,1
DA:350,1
DA:351,3
DA:352,5
DA:353,2
DA:356,3
DA:359,1
DA:360,2
DA:363,1
DA:364,1
DA:365,2
DA:366,2
DA:368,1
DA:369,3
DA:370,3
DA:371,2
DA:372,2
DA:373,3
DA:374,2
DA:375,2
DA:376,2
DA:377,2
DA:378,3
DA:379,2
DA:380,2
DA:381,2
DA:382,2
DA:390,2
DA:394,2
DA:395,2
DA:396,2
DA:402,2
DA:403,0
DA:407,2
DA:413,3
DA:414,2
DA:418,1
DA:419,1
DA:420,2
DA:421,2
DA:423,1
DA:424,3
DA:425,1
DA:426,3
DA:427,2
DA:428,2
DA:429,3
DA:430,2
DA:431,2
DA:432,2
DA:433,2
DA:434,2
DA:435,2
DA:436,2
DA:437,2
DA:438,2
DA:442,2
DA:444,2
DA:445,2
DA:446,2
DA:451,0
DA:454,2
DA:460,0
DA:461,0
DA:462,0
DA:463,0
DA:467,1
DA:468,1
DA:469,1
DA:471,2
DA:472,1
DA:473,3
DA:474,5
DA:475,4
DA:476,2
DA:483,2
DA:484,2
DA:488,1
DA:494,1
DA:495,1
DA:496,1
DA:498,2
DA:499,1
DA:500,3
DA:501,5
DA:502,4
DA:503,2
DA:510,2
DA:511,2
DA:514,1
DA:516,2
DA:520,1
DA:521,1
DA:522,1
DA:524,2
DA:525,1
DA:526,3
DA:527,5
DA:528,4
DA:529,2
DA:536,2
DA:537,2
DA:541,3
DA:542,2
DA:546,1
DA:548,2
DA:552,2
DA:553,0
DA:559,1
DA:560,1
DA:563,2
DA:564,2
DA:566,3
DA:567,1
DA:568,2
DA:569,3
DA:570,2
DA:571,2
DA:572,2
DA:573,2
DA:574,2
DA:575,2
DA:576,2
DA:577,2
DA:578,2
DA:579,3
DA:580,3
DA:581,3
DA:585,3
DA:586,2
DA:590,1
DA:594,2
DA:599,2
DA:600,0
DA:610,1
DA:612,2
DA:613,2
DA:614,1
DA:615,1
DA:616,2
DA:617,1
DA:618,1
DA:619,1
DA:620,1
DA:621,2
DA:622,1
DA:623,2
DA:624,2
DA:627,3
DA:632,2
DA:633,0
DA:641,1
DA:644,2
DA:645,2
DA:646,1
DA:647,0
DA:648,0
DA:649,0
DA:650,0
DA:654,2
DA:655,0
DA:659,2
DA:660,1
DA:667,1
DA:669,2
DA:670,2
DA:671,2
DA:672,2
DA:673,1
DA:674,0
DA:675,0
DA:676,0
DA:677,0
DA:681,2
DA:682,2
DA:683,0
DA:687,2
DA:688,1
DA:695,1
DA:697,2
DA:698,3
DA:699,0
DA:700,0
DA:701,0
DA:705,2
DA:706,0
LF:281
LH:226
end_of_record
SF:lib/app/modules/root/controllers/root_controller.dart
DA:23,1
DA:27,1
DA:29,1
DA:41,0
DA:43,0
DA:44,0
DA:45,0
DA:47,0
DA:48,0
DA:49,0
DA:53,0
DA:54,0
DA:55,0
DA:57,0
DA:58,0
DA:59,0
DA:60,0
DA:68,0
DA:69,0
DA:70,0
DA:72,0
DA:76,0
DA:78,0
DA:80,0
DA:81,0
DA:82,0
DA:87,0
DA:90,0
DA:92,0
DA:96,0
DA:98,0
DA:99,0
DA:102,0
DA:104,0
DA:105,0
LF:35
LH:3
end_of_record
SF:lib/app/repositories/sector_repository.dart
DA:10,0
DA:11,0
DA:12,0
LF:3
LH:0
end_of_record
SF:lib/app/repositories/zone_repository.dart
DA:10,0
DA:11,0
DA:12,0
DA:15,0
DA:16,0
DA:17,0
DA:19,0
DA:20,0
DA:21,0
DA:24,0
DA:25,0
DA:26,0
LF:12
LH:0
end_of_record
SF:lib/app/modules/community/widgets/comment_loading_widget.dart
DA:6,1
DA:9,1
DA:11,1
DA:13,1
DA:14,1
DA:15,1
DA:16,1
DA:19,2
DA:20,1
DA:21,1
DA:22,1
DA:23,1
LF:12
LH:12
end_of_record
SF:lib/app/modules/profile/controllers/profile_controller.dart
DA:61,0
DA:65,0
DA:67,0
DA:68,0
DA:69,0
DA:70,0
DA:71,0
DA:72,0
DA:73,0
DA:74,0
DA:75,0
DA:76,0
DA:77,0
DA:78,0
DA:79,0
DA:81,0
DA:82,0
DA:83,0
DA:84,0
DA:88,0
DA:91,0
DA:92,0
DA:95,0
DA:96,0
DA:97,0
DA:98,0
DA:99,0
DA:102,0
DA:103,0
DA:104,0
DA:105,0
DA:106,0
DA:107,0
DA:108,0
DA:109,0
DA:110,0
DA:111,0
DA:112,0
DA:113,0
DA:114,0
DA:115,0
DA:116,0
DA:117,0
DA:123,0
DA:127,0
DA:131,0
DA:132,0
DA:135,0
DA:136,0
DA:138,0
DA:139,0
DA:140,0
DA:141,0
DA:142,0
DA:143,0
DA:144,0
DA:145,0
DA:146,0
DA:147,0
DA:148,0
DA:149,0
DA:150,0
DA:157,0
DA:158,0
DA:162,0
DA:170,0
DA:174,0
DA:175,0
DA:176,0
DA:177,0
DA:178,0
DA:181,0
DA:184,0
DA:185,0
DA:186,0
DA:187,0
DA:188,0
DA:189,0
DA:195,0
DA:197,0
DA:198,0
DA:199,0
DA:200,0
DA:205,0
DA:213,0
DA:214,0
DA:216,0
DA:218,0
DA:219,0
DA:220,0
DA:221,0
DA:222,0
DA:223,0
DA:224,0
DA:225,0
DA:226,0
DA:227,0
DA:231,0
DA:232,0
DA:235,0
DA:243,0
DA:245,0
DA:246,0
DA:247,0
DA:248,0
DA:249,0
DA:250,0
DA:251,0
DA:252,0
DA:253,0
DA:257,0
DA:258,0
DA:259,0
DA:262,0
DA:268,0
DA:271,0
DA:272,0
DA:273,0
DA:274,0
DA:278,0
DA:279,0
DA:282,0
DA:283,0
DA:286,0
DA:287,0
DA:289,0
DA:294,0
DA:295,0
DA:296,0
DA:297,0
DA:298,0
DA:301,0
DA:304,0
DA:305,0
DA:306,0
DA:307,0
DA:308,0
DA:314,0
DA:316,0
DA:317,0
DA:318,0
DA:323,0
DA:332,0
DA:333,0
DA:335,0
DA:337,0
DA:338,0
DA:339,0
DA:340,0
DA:341,0
DA:342,0
DA:343,0
DA:344,0
DA:345,0
DA:346,0
DA:350,0
DA:351,0
DA:354,0
DA:362,0
DA:364,0
DA:365,0
DA:366,0
DA:367,0
DA:368,0
DA:369,0
DA:370,0
DA:371,0
DA:372,0
DA:373,0
DA:374,0
DA:378,0
DA:379,0
DA:380,0
DA:381,0
DA:384,0
DA:390,0
DA:391,0
DA:392,0
DA:394,0
DA:397,0
DA:401,0
DA:402,0
DA:404,0
DA:409,0
DA:411,0
DA:412,0
DA:414,0
DA:415,0
DA:416,0
DA:417,0
DA:418,0
DA:420,0
DA:421,0
DA:425,0
LF:194
LH:0
end_of_record
SF:lib/app/repositories/community_repository.dart
DA:11,0
DA:12,0
DA:13,0
DA:16,0
DA:17,0
DA:18,0
DA:21,0
DA:22,0
DA:23,0
DA:26,0
DA:27,0
DA:28,0
DA:31,0
DA:32,0
DA:33,0
DA:36,0
DA:37,0
DA:38,0
DA:41,0
DA:42,0
DA:43,0
DA:47,0
DA:48,0
DA:49,0
DA:53,0
DA:54,0
DA:55,0
DA:59,0
DA:60,0
DA:61,0
LF:30
LH:0
end_of_record
SF:lib/app/modules/community/views/community_view.dart
DA:34,17
DA:36,0
DA:38,0
DA:39,0
DA:40,0
DA:41,0
DA:43,0
DA:45,0
DA:46,0
DA:47,0
DA:48,0
DA:49,0
DA:54,0
DA:55,0
DA:56,0
DA:57,0
DA:58,0
DA:59,0
DA:60,0
DA:61,0
DA:63,0
DA:64,0
DA:66,0
DA:67,0
DA:68,0
DA:69,0
DA:72,0
DA:73,0
DA:77,0
DA:78,0
DA:79,0
DA:80,0
DA:81,0
DA:84,0
DA:85,0
DA:86,0
DA:87,0
DA:88,0
DA:89,0
DA:91,0
DA:93,0
DA:94,0
DA:100,0
DA:105,0
DA:106,0
DA:108,0
DA:109,0
DA:112,0
DA:116,0
DA:117,0
DA:121,0
DA:122,0
DA:123,0
DA:124,0
DA:126,0
DA:127,0
DA:128,0
DA:129,0
DA:131,0
DA:132,0
DA:133,0
DA:137,0
DA:138,0
DA:141,0
DA:142,0
DA:143,0
DA:144,0
DA:145,0
DA:146,0
DA:147,0
DA:148,0
DA:149,0
DA:150,0
DA:153,0
DA:158,0
DA:163,0
DA:164,0
DA:165,0
DA:166,0
DA:167,0
DA:168,0
DA:172,0
DA:173,0
DA:174,0
DA:175,0
DA:178,0
DA:182,0
DA:185,0
DA:186,0
DA:187,0
DA:188,0
DA:189,0
DA:190,0
DA:191,0
DA:207,0
DA:208,0
DA:209,0
DA:210,0
DA:211,0
DA:213,0
DA:215,0
DA:216,0
DA:217,0
DA:220,0
DA:222,0
DA:224,0
DA:230,0
DA:232,0
DA:236,0
DA:239,0
DA:240,0
DA:241,0
DA:242,0
DA:244,0
DA:246,0
DA:247,0
DA:249,0
DA:250,0
DA:252,0
DA:253,0
DA:255,0
DA:258,0
DA:259,0
DA:260,0
DA:262,0
DA:263,0
DA:264,0
DA:268,0
DA:269,0
DA:270,0
DA:272,0
DA:273,0
DA:275,0
DA:278,0
DA:282,0
DA:286,0
DA:287,0
DA:295,0
DA:300,0
DA:301,0
DA:302,0
DA:303,0
DA:304,0
DA:305,0
DA:308,0
DA:309,0
DA:310,0
DA:313,0
DA:317,0
DA:318,0
DA:319,0
DA:320,0
DA:321,0
DA:322,0
DA:326,0
DA:330,0
DA:331,0
DA:339,0
DA:340,0
DA:341,0
DA:343,0
DA:345,0
DA:346,0
DA:347,0
DA:348,0
DA:351,0
DA:352,0
DA:360,0
DA:361,0
DA:362,0
DA:363,0
DA:364,0
DA:365,0
DA:366,0
DA:367,0
DA:368,0
DA:369,0
DA:370,0
DA:371,0
DA:372,0
DA:373,0
DA:374,0
DA:377,0
DA:381,0
DA:382,0
DA:383,0
DA:384,0
DA:385,0
DA:386,0
DA:387,0
DA:388,0
DA:389,0
DA:390,0
DA:392,0
DA:393,0
DA:394,0
DA:396,0
DA:407,0
DA:408,0
DA:412,0
DA:414,0
DA:415,0
DA:416,0
DA:417,0
DA:418,0
DA:420,0
DA:421,0
DA:424,0
DA:427,0
DA:428,0
DA:433,0
DA:434,0
DA:436,0
DA:438,0
DA:443,0
DA:444,0
DA:451,0
DA:459,0
DA:460,0
DA:461,0
DA:462,0
DA:464,0
DA:467,0
DA:469,0
DA:471,0
DA:472,0
DA:477,0
DA:478,0
DA:480,0
DA:481,0
DA:484,0
DA:485,0
DA:492,0
DA:512,0
DA:513,0
DA:514,0
DA:516,0
DA:517,0
DA:519,0
DA:520,0
DA:521,0
DA:522,0
DA:523,0
DA:524,0
DA:525,0
DA:526,0
DA:527,0
DA:529,0
DA:530,0
DA:531,0
DA:532,0
DA:533,0
DA:534,0
DA:535,0
DA:537,0
DA:538,0
DA:540,0
DA:542,0
DA:547,0
DA:548,0
DA:550,0
DA:551,0
DA:552,0
DA:555,0
DA:556,0
DA:561,0
DA:562,0
DA:563,0
DA:564,0
DA:565,0
DA:566,0
DA:570,0
DA:571,0
DA:572,0
DA:573,0
DA:574,0
DA:577,0
DA:578,0
DA:581,0
DA:582,0
DA:583,0
DA:585,0
DA:586,0
DA:587,0
DA:591,0
DA:592,0
DA:593,0
DA:594,0
DA:595,0
DA:596,0
DA:599,0
DA:601,0
DA:603,0
DA:605,0
DA:606,0
DA:607,0
DA:608,0
DA:611,0
DA:612,0
DA:613,0
DA:620,0
DA:623,0
DA:624,0
DA:625,0
DA:626,0
DA:627,0
DA:628,0
DA:630,0
DA:633,0
DA:634,0
DA:635,0
DA:636,0
DA:641,0
DA:642,0
DA:643,0
DA:644,0
DA:663,0
DA:664,0
DA:667,0
DA:669,0
LF:320
LH:1
end_of_record
SF:lib/app/modules/community/widgets/buildSelectSector.dart
DA:14,1
DA:15,1
DA:19,1
DA:21,1
DA:22,1
DA:23,1
DA:24,1
DA:26,1
DA:27,3
DA:28,4
DA:32,1
DA:33,0
DA:34,6
DA:39,2
DA:40,1
DA:41,1
DA:42,1
DA:45,0
DA:48,2
DA:49,1
DA:50,2
DA:54,3
DA:55,0
DA:56,0
DA:57,0
DA:58,0
DA:59,0
DA:62,0
DA:64,0
DA:74,1
DA:77,1
DA:80,1
DA:81,5
DA:85,1
DA:87,3
DA:90,0
DA:92,0
DA:136,0
DA:137,0
DA:138,0
DA:139,0
DA:145,1
LF:42
LH:27
end_of_record
SF:lib/app/modules/community/widgets/buildSelectZone.dart
DA:14,1
DA:15,1
DA:19,1
DA:21,2
DA:22,1
DA:23,1
DA:24,1
DA:27,1
DA:28,3
DA:29,4
DA:32,1
DA:33,0
DA:34,6
DA:36,1
DA:38,1
DA:41,4
DA:42,1
DA:43,0
DA:44,0
DA:45,0
DA:46,0
DA:47,0
DA:48,0
DA:49,0
DA:50,0
DA:52,0
DA:53,0
DA:54,0
DA:57,0
DA:58,0
DA:59,0
DA:63,0
DA:64,0
DA:65,0
DA:66,0
DA:69,0
DA:74,0
DA:75,0
DA:76,0
DA:80,0
DA:81,0
DA:82,0
DA:83,0
DA:84,0
DA:85,0
DA:88,0
DA:90,0
DA:100,0
DA:103,0
DA:106,0
DA:107,0
DA:111,0
DA:113,0
DA:116,0
DA:118,0
DA:172,0
DA:173,0
DA:174,0
DA:181,0
DA:187,1
DA:188,1
DA:189,1
DA:190,5
DA:191,1
DA:192,1
DA:195,1
DA:196,5
DA:197,0
DA:198,9
DA:200,1
DA:207,1
DA:208,1
DA:211,1
DA:212,3
DA:213,1
DA:214,0
DA:215,0
DA:216,0
DA:217,0
DA:220,0
DA:221,0
DA:222,0
DA:223,0
DA:224,0
DA:225,0
DA:227,0
DA:228,0
DA:229,0
DA:232,0
DA:233,0
DA:234,0
DA:238,0
DA:239,0
DA:240,0
DA:241,0
DA:244,0
DA:249,0
DA:250,0
DA:251,0
DA:255,0
DA:256,0
DA:257,0
DA:258,0
DA:259,0
DA:260,0
DA:263,0
DA:265,0
DA:275,0
DA:278,0
DA:281,0
DA:282,0
DA:286,0
DA:288,0
DA:291,0
DA:293,0
DA:344,0
DA:345,0
DA:346,0
DA:353,0
DA:359,1
DA:360,1
DA:361,1
DA:362,5
DA:363,1
DA:364,1
DA:367,1
DA:368,5
DA:369,0
DA:370,9
DA:372,1
DA:378,1
DA:379,1
DA:382,1
DA:383,3
DA:384,1
DA:385,0
DA:386,0
DA:387,0
DA:388,0
DA:390,0
DA:391,0
DA:394,0
DA:395,0
DA:396,0
DA:397,0
DA:398,0
DA:399,0
DA:401,0
DA:402,0
DA:403,0
DA:406,0
DA:407,0
DA:408,0
DA:411,0
DA:412,0
DA:413,0
DA:414,0
DA:417,0
DA:422,0
DA:423,0
DA:424,0
DA:428,0
DA:429,0
DA:430,0
DA:431,0
DA:432,0
DA:433,0
DA:436,0
DA:438,0
DA:448,0
DA:451,0
DA:454,0
DA:455,0
DA:459,0
DA:461,0
DA:464,0
DA:466,0
DA:467,0
DA:468,0
DA:469,0
DA:471,0
DA:475,0
DA:476,0
DA:477,0
DA:478,0
DA:481,0
DA:482,0
DA:483,0
DA:484,0
DA:490,0
DA:491,0
DA:492,0
DA:493,0
DA:496,0
DA:497,0
DA:500,0
DA:508,0
DA:516,0
DA:517,0
DA:518,0
DA:525,0
DA:531,1
DA:532,1
DA:533,1
DA:534,5
DA:535,1
DA:536,1
DA:539,1
DA:540,5
DA:541,9
DA:542,0
DA:544,1
DA:550,1
LF:213
LH:57
end_of_record
SF:lib/app/modules/global_widgets/block_button_widget.dart
DA:5,4
DA:11,2
DA:13,2
DA:14,2
DA:15,2
DA:16,2
DA:17,2
DA:19,6
DA:20,4
DA:21,2
LF:10
LH:10
end_of_record
SF:lib/app/modules/global_widgets/loading_cards.dart
DA:4,35
DA:6,1
DA:8,1
DA:10,1
DA:12,1
DA:20,1
DA:21,1
DA:22,1
DA:23,2
DA:27,1
LF:10
LH:10
end_of_record
SF:lib/app/modules/global_widgets/post_card_widget.dart
DA:13,1
DA:38,1
DA:69,1
DA:73,1
DA:75,3
DA:83,1
DA:86,1
DA:87,1
DA:90,1
DA:93,1
DA:95,1
DA:96,0
DA:97,0
DA:98,0
DA:101,0
DA:102,0
DA:103,0
DA:105,0
DA:107,0
DA:108,0
DA:109,0
DA:111,0
DA:115,0
DA:116,0
DA:117,0
DA:118,0
DA:119,0
DA:132,1
DA:133,1
DA:137,4
DA:141,1
DA:142,1
DA:152,1
DA:155,1
DA:156,1
DA:157,3
DA:158,1
DA:161,1
DA:162,1
DA:163,3
DA:164,18
DA:166,3
DA:168,1
DA:171,1
DA:172,1
DA:173,0
DA:176,0
DA:183,1
DA:185,1
DA:188,1
DA:189,1
DA:190,1
DA:192,7
DA:193,1
DA:194,1
DA:196,5
DA:218,1
DA:219,4
DA:222,3
DA:223,1
DA:224,3
DA:225,3
DA:226,0
DA:227,0
DA:228,0
DA:229,0
DA:230,0
DA:233,0
DA:234,0
DA:235,0
DA:240,0
DA:241,0
DA:243,0
DA:252,1
DA:253,1
DA:255,1
DA:257,2
DA:258,1
DA:259,1
DA:260,1
DA:261,1
DA:262,3
DA:265,5
DA:266,1
DA:271,1
DA:272,1
DA:274,2
DA:278,1
DA:290,3
DA:291,1
DA:292,6
DA:294,3
DA:295,0
DA:297,1
DA:298,8
DA:302,1
DA:303,2
DA:304,0
DA:306,1
DA:307,5
DA:309,2
DA:310,0
DA:313,1
DA:314,7
DA:322,1
DA:325,1
DA:328,1
DA:330,1
DA:331,1
DA:332,1
DA:334,1
DA:335,1
DA:337,1
DA:339,3
DA:343,1
DA:344,1
DA:345,1
DA:346,1
DA:347,1
DA:348,3
DA:352,1
DA:353,1
DA:354,1
DA:355,1
DA:356,2
DA:357,3
DA:366,1
LF:127
LH:95
end_of_record
SF:lib/app/modules/global_widgets/text_field_widget.dart
DA:8,4
DA:34,4
DA:61,4
DA:63,4
DA:66,4
DA:67,4
DA:69,4
DA:70,4
DA:71,4
DA:72,4
DA:73,12
DA:74,4
DA:78,8
DA:80,4
DA:81,4
DA:82,4
DA:83,8
DA:84,4
DA:85,8
DA:86,4
DA:87,4
DA:88,4
DA:89,4
DA:90,4
DA:91,4
DA:92,4
DA:93,4
DA:94,4
DA:95,10
DA:96,4
DA:97,4
DA:98,4
DA:99,4
DA:101,4
DA:102,4
DA:103,4
DA:104,4
DA:105,4
DA:109,4
DA:112,0
DA:113,0
DA:116,0
DA:119,0
DA:125,0
DA:126,0
DA:128,0
DA:135,0
DA:136,0
DA:138,0
LF:49
LH:39
end_of_record
SF:lib/app/modules/profile/views/profile_view.dart
DA:23,0
DA:25,0
DA:27,0
DA:28,0
DA:29,0
DA:30,0
DA:35,0
DA:37,0
DA:39,0
DA:40,0
DA:41,0
DA:44,0
DA:45,0
DA:46,0
DA:49,0
DA:50,0
DA:51,0
DA:52,0
DA:55,0
DA:57,0
DA:58,0
DA:59,0
DA:61,0
DA:62,0
DA:63,0
DA:64,0
DA:65,0
DA:68,0
DA:69,0
DA:72,0
DA:73,0
DA:79,0
DA:82,0
DA:83,0
DA:92,0
DA:94,0
DA:95,0
DA:96,0
DA:97,0
DA:98,0
DA:99,0
DA:100,0
DA:108,0
DA:110,0
DA:111,0
DA:112,0
DA:113,0
DA:115,0
DA:116,0
DA:117,0
DA:118,0
DA:119,0
DA:120,0
DA:124,0
DA:125,0
DA:126,0
DA:127,0
DA:128,0
DA:146,0
DA:147,0
DA:148,0
DA:150,0
DA:151,0
DA:152,0
DA:153,0
DA:154,0
DA:155,0
DA:159,0
DA:160,0
DA:161,0
DA:162,0
DA:163,0
DA:181,0
DA:182,0
DA:183,0
DA:185,0
DA:186,0
DA:187,0
DA:188,0
DA:190,0
DA:194,0
DA:195,0
DA:196,0
DA:197,0
DA:198,0
DA:213,0
DA:214,0
DA:215,0
DA:216,0
DA:218,0
DA:219,0
DA:220,0
DA:221,0
DA:222,0
DA:223,0
DA:226,0
DA:228,0
DA:235,0
DA:236,0
DA:237,0
DA:238,0
DA:239,0
DA:246,0
DA:247,0
DA:248,0
DA:261,0
DA:262,0
DA:263,0
DA:265,0
DA:266,0
DA:267,0
DA:268,0
DA:269,0
DA:270,0
DA:273,0
DA:275,0
DA:282,0
DA:283,0
DA:284,0
DA:285,0
DA:286,0
DA:309,0
DA:310,0
DA:311,0
DA:313,0
DA:314,0
DA:315,0
DA:316,0
DA:317,0
DA:318,0
DA:321,0
DA:323,0
DA:330,0
DA:331,0
DA:332,0
DA:333,0
DA:334,0
DA:341,0
DA:342,0
DA:343,0
DA:353,0
DA:354,0
DA:355,0
DA:356,0
DA:357,0
DA:358,0
DA:359,0
DA:360,0
DA:361,0
DA:362,0
DA:363,0
DA:364,0
DA:365,0
DA:366,0
DA:367,0
DA:368,0
DA:370,0
DA:371,0
DA:372,0
DA:378,0
DA:379,0
DA:380,0
DA:381,0
DA:382,0
DA:383,0
DA:386,0
DA:388,0
DA:395,0
DA:396,0
DA:397,0
DA:398,0
DA:399,0
DA:406,0
DA:407,0
DA:408,0
DA:421,0
DA:422,0
DA:423,0
DA:424,0
DA:425,0
DA:426,0
DA:427,0
DA:428,0
DA:429,0
DA:430,0
DA:431,0
DA:432,0
DA:433,0
DA:434,0
DA:435,0
DA:436,0
DA:438,0
DA:439,0
DA:440,0
DA:446,0
DA:447,0
DA:448,0
DA:449,0
DA:450,0
DA:451,0
DA:454,0
DA:456,0
DA:463,0
DA:464,0
DA:465,0
DA:466,0
DA:467,0
DA:474,0
DA:475,0
DA:476,0
LF:210
LH:0
end_of_record
SF:lib/app/modules/community/views/create_post.dart
DA:21,17
DA:24,0
DA:26,0
DA:28,0
DA:31,0
DA:38,0
DA:40,0
DA:41,0
DA:42,0
DA:43,0
DA:44,0
DA:45,0
DA:47,0
DA:48,0
DA:49,0
DA:55,0
DA:56,0
DA:58,0
DA:59,0
DA:60,0
DA:61,0
DA:62,0
DA:63,0
DA:64,0
DA:65,0
DA:66,0
DA:67,0
DA:68,0
DA:69,0
DA:72,0
DA:76,0
DA:77,0
DA:78,0
DA:82,0
DA:86,0
DA:87,0
DA:88,0
DA:91,0
DA:92,0
DA:104,0
DA:108,0
DA:111,0
DA:112,0
DA:113,0
DA:115,0
DA:117,0
DA:118,0
DA:119,0
DA:122,0
DA:123,0
DA:127,0
DA:128,0
DA:129,0
DA:130,0
DA:131,0
DA:136,0
DA:137,0
DA:140,0
DA:142,0
DA:148,0
DA:149,0
DA:150,0
DA:151,0
DA:152,0
DA:153,0
DA:154,0
DA:158,0
DA:161,0
DA:162,0
DA:163,0
DA:164,0
DA:165,0
DA:166,0
DA:169,0
DA:171,0
DA:172,0
DA:173,0
DA:174,0
DA:177,0
DA:182,0
DA:183,0
DA:184,0
DA:185,0
DA:189,0
DA:190,0
DA:191,0
DA:192,0
DA:193,0
DA:199,0
DA:203,0
DA:204,0
DA:206,0
DA:208,0
DA:209,0
DA:210,0
DA:213,0
DA:214,0
DA:215,0
DA:217,0
DA:218,0
DA:219,0
DA:221,0
DA:222,0
DA:225,0
DA:226,0
DA:227,0
DA:228,0
DA:229,0
DA:230,0
DA:231,0
DA:232,0
DA:233,0
DA:234,0
DA:236,0
DA:237,0
DA:238,0
DA:241,0
DA:242,0
DA:243,0
DA:247,0
DA:248,0
DA:249,0
DA:250,0
DA:253,0
DA:258,0
DA:259,0
DA:260,0
DA:264,0
DA:265,0
DA:266,0
DA:267,0
DA:268,0
DA:269,0
DA:272,0
DA:274,0
DA:284,0
DA:287,0
DA:290,0
DA:291,0
DA:295,0
DA:297,0
DA:300,0
DA:302,0
DA:356,0
DA:357,0
DA:358,0
DA:365,0
DA:371,0
DA:372,0
DA:373,0
DA:374,0
DA:375,0
DA:376,0
DA:379,0
DA:380,0
DA:381,0
DA:382,0
DA:384,0
DA:391,0
DA:392,0
DA:395,0
DA:396,0
DA:397,0
DA:398,0
DA:399,0
DA:400,0
DA:401,0
DA:404,0
DA:405,0
DA:406,0
DA:407,0
DA:408,0
DA:409,0
DA:411,0
DA:412,0
DA:413,0
DA:416,0
DA:417,0
DA:418,0
DA:422,0
DA:423,0
DA:424,0
DA:425,0
DA:428,0
DA:433,0
DA:434,0
DA:435,0
DA:439,0
DA:440,0
DA:441,0
DA:442,0
DA:443,0
DA:444,0
DA:447,0
DA:449,0
DA:459,0
DA:462,0
DA:465,0
DA:466,0
DA:470,0
DA:472,0
DA:475,0
DA:477,0
DA:528,0
DA:529,0
DA:530,0
DA:537,0
DA:543,0
DA:544,0
DA:545,0
DA:546,0
DA:547,0
DA:548,0
DA:551,0
DA:552,0
DA:553,0
DA:554,0
DA:556,0
DA:562,0
DA:563,0
DA:566,0
DA:567,0
DA:568,0
DA:569,0
DA:570,0
DA:571,0
DA:572,0
DA:574,0
DA:575,0
DA:578,0
DA:579,0
DA:580,0
DA:581,0
DA:582,0
DA:583,0
DA:585,0
DA:586,0
DA:587,0
DA:590,0
DA:591,0
DA:592,0
DA:595,0
DA:596,0
DA:597,0
DA:598,0
DA:601,0
DA:606,0
DA:607,0
DA:608,0
DA:612,0
DA:613,0
DA:614,0
DA:615,0
DA:616,0
DA:617,0
DA:620,0
DA:622,0
DA:632,0
DA:635,0
DA:638,0
DA:639,0
DA:643,0
DA:645,0
DA:648,0
DA:650,0
DA:651,0
DA:652,0
DA:653,0
DA:655,0
DA:659,0
DA:660,0
DA:661,0
DA:662,0
DA:665,0
DA:666,0
DA:667,0
DA:668,0
DA:674,0
DA:675,0
DA:676,0
DA:677,0
DA:680,0
DA:681,0
DA:684,0
DA:692,0
DA:700,0
DA:701,0
DA:702,0
DA:709,0
DA:715,0
DA:716,0
DA:717,0
DA:718,0
DA:719,0
DA:720,0
DA:723,0
DA:724,0
DA:725,0
DA:726,0
DA:728,0
DA:734,0
DA:739,0
DA:740,0
DA:742,0
DA:744,0
DA:745,0
DA:746,0
DA:747,0
DA:748,0
DA:751,0
DA:752,0
DA:753,0
DA:754,0
DA:756,0
DA:758,0
DA:759,0
DA:760,0
DA:761,0
DA:762,0
DA:763,0
DA:766,0
DA:767,0
DA:768,0
DA:769,0
DA:770,0
DA:771,0
DA:772,0
DA:773,0
DA:774,0
DA:775,0
DA:776,0
DA:777,0
DA:778,0
DA:779,0
DA:780,0
DA:787,0
DA:791,0
DA:794,0
DA:795,0
DA:796,0
DA:804,0
DA:821,0
DA:822,0
DA:823,0
DA:824,0
DA:829,0
DA:830,0
DA:832,0
DA:833,0
DA:834,0
DA:835,0
DA:836,0
DA:838,0
DA:839,0
DA:840,0
DA:842,0
DA:843,0
DA:844,0
DA:846,0
DA:847,0
DA:848,0
DA:853,0
DA:854,0
DA:856,0
DA:857,0
DA:860,0
DA:866,0
DA:869,0
DA:870,0
DA:871,0
DA:872,0
DA:873,0
DA:876,0
DA:877,0
DA:879,0
DA:880,0
DA:882,0
DA:884,0
DA:885,0
DA:887,0
DA:888,0
DA:892,0
DA:895,0
DA:897,0
DA:898,0
DA:899,0
DA:908,0
DA:911,0
DA:917,0
DA:919,0
DA:920,0
DA:921,0
DA:922,0
DA:923,0
DA:927,0
DA:930,0
DA:931,0
DA:932,0
DA:933,0
DA:934,0
DA:935,0
DA:938,0
DA:940,0
DA:941,0
DA:942,0
DA:943,0
DA:946,0
DA:951,0
DA:952,0
DA:953,0
DA:954,0
DA:958,0
DA:965,0
DA:966,0
DA:969,0
DA:971,0
LF:416
LH:1
end_of_record
SF:lib/app/modules/global_widgets/location_widget.dart
DA:8,1
DA:11,1
DA:18,1
DA:20,1
DA:22,1
DA:23,2
DA:29,1
DA:31,1
DA:32,1
DA:34,1
DA:37,3
DA:38,1
DA:41,1
DA:42,1
DA:43,6
DA:49,1
LF:16
LH:16
end_of_record
SF:lib/app/modules/global_widgets/sector_item_widget.dart
DA:8,0
DA:11,0
DA:18,0
DA:20,0
DA:22,0
DA:23,0
DA:29,0
DA:31,0
DA:32,0
DA:34,0
DA:37,0
DA:38,0
DA:41,0
DA:42,0
DA:43,0
DA:49,0
LF:16
LH:0
end_of_record
SF:lib/app/modules/community/widgets/comment_widget.dart
DA:7,1
DA:10,1
DA:17,1
DA:19,1
DA:22,1
DA:23,1
DA:24,1
DA:28,3
DA:29,1
DA:32,0
DA:33,0
DA:40,1
DA:43,1
DA:44,1
DA:45,1
DA:46,1
DA:47,1
DA:51,2
DA:52,1
DA:55,1
DA:56,8
DA:57,1
DA:58,1
DA:59,5
LF:24
LH:22
end_of_record
SF:lib/app/repositories/events_repository.dart
DA:12,0
DA:13,0
DA:14,0
DA:16,0
DA:17,0
DA:18,0
DA:21,0
DA:22,0
DA:23,0
DA:26,0
DA:27,0
DA:28,0
DA:32,0
DA:33,0
DA:34,0
DA:38,0
DA:39,0
DA:40,0
DA:44,0
DA:45,0
DA:46,0
LF:21
LH:0
end_of_record
SF:lib/app/modules/events/views/events_view.dart
DA:28,17
DA:30,0
DA:32,0
DA:33,0
DA:34,0
DA:35,0
DA:37,0
DA:39,0
DA:40,0
DA:41,0
DA:42,0
DA:43,0
DA:44,0
DA:46,0
DA:47,0
DA:48,0
DA:50,0
DA:54,0
DA:55,0
DA:56,0
DA:57,0
DA:58,0
DA:60,0
DA:61,0
DA:62,0
DA:63,0
DA:64,0
DA:67,0
DA:70,0
DA:71,0
DA:76,0
DA:77,0
DA:80,0
DA:85,0
DA:88,0
DA:89,0
DA:90,0
DA:91,0
DA:93,0
DA:95,0
DA:96,0
DA:99,0
DA:101,0
DA:102,0
DA:104,0
DA:107,0
DA:108,0
DA:109,0
DA:111,0
DA:112,0
DA:113,0
DA:117,0
DA:118,0
DA:119,0
DA:121,0
DA:122,0
DA:124,0
DA:127,0
DA:131,0
DA:135,0
DA:136,0
DA:150,0
DA:151,0
DA:152,0
DA:156,0
DA:158,0
DA:159,0
DA:160,0
DA:161,0
DA:162,0
DA:164,0
DA:165,0
DA:168,0
DA:171,0
DA:172,0
DA:177,0
DA:178,0
DA:180,0
DA:181,0
DA:184,0
DA:185,0
DA:192,0
DA:252,0
DA:253,0
DA:254,0
DA:256,0
DA:257,0
DA:258,0
DA:259,0
DA:260,0
DA:262,0
DA:265,0
DA:266,0
DA:267,0
DA:268,0
DA:269,0
DA:270,0
DA:271,0
DA:272,0
DA:277,0
DA:278,0
DA:279,0
DA:280,0
DA:283,0
DA:284,0
DA:285,0
DA:292,0
DA:295,0
DA:296,0
DA:297,0
DA:298,0
DA:299,0
DA:300,0
DA:302,0
DA:305,0
DA:306,0
DA:307,0
DA:308,0
DA:313,0
DA:314,0
DA:315,0
DA:316,0
LF:122
LH:1
end_of_record
SF:lib/app/modules/events/widgets/buildSelectSector.dart
DA:15,1
DA:16,1
DA:20,1
DA:22,1
DA:23,1
DA:24,1
DA:25,1
DA:28,1
DA:29,3
DA:30,4
DA:33,1
DA:34,0
DA:35,6
DA:39,2
DA:40,1
DA:41,1
DA:42,1
DA:45,0
DA:48,2
DA:49,1
DA:50,2
DA:54,3
DA:55,0
DA:56,0
DA:57,0
DA:58,0
DA:59,0
DA:62,0
DA:64,0
DA:74,1
DA:77,1
DA:80,1
DA:81,5
DA:85,1
DA:87,3
DA:90,0
DA:92,0
DA:137,0
DA:138,0
DA:139,0
DA:140,0
DA:146,1
LF:42
LH:27
end_of_record
SF:lib/app/modules/events/widgets/buildSelectZone.dart
DA:12,1
DA:13,1
DA:17,1
DA:19,2
DA:20,1
DA:21,1
DA:22,1
DA:23,1
DA:26,1
DA:27,3
DA:28,4
DA:31,1
DA:32,0
DA:33,6
DA:35,1
DA:36,1
DA:39,1
DA:40,4
DA:41,1
DA:42,0
DA:43,0
DA:44,0
DA:45,0
DA:46,0
DA:47,0
DA:48,0
DA:49,0
DA:51,0
DA:52,0
DA:53,0
DA:56,0
DA:57,0
DA:58,0
DA:62,0
DA:63,0
DA:64,0
DA:65,0
DA:68,0
DA:73,0
DA:74,0
DA:75,0
DA:79,0
DA:80,0
DA:81,0
DA:82,0
DA:83,0
DA:84,0
DA:87,0
DA:89,0
DA:99,0
DA:102,0
DA:105,0
DA:106,0
DA:110,0
DA:112,0
DA:115,0
DA:117,0
DA:173,0
DA:174,0
DA:175,0
DA:182,0
DA:188,1
DA:189,1
DA:190,1
DA:191,5
DA:192,1
DA:193,1
DA:196,1
DA:197,5
DA:198,0
DA:199,9
DA:201,2
DA:208,1
DA:210,1
DA:213,1
DA:214,3
DA:215,1
DA:216,0
DA:217,0
DA:218,0
DA:219,0
DA:222,0
DA:223,0
DA:224,0
DA:225,0
DA:226,0
DA:227,0
DA:229,0
DA:230,0
DA:231,0
DA:234,0
DA:235,0
DA:236,0
DA:240,0
DA:241,0
DA:242,0
DA:243,0
DA:246,0
DA:251,0
DA:252,0
DA:253,0
DA:257,0
DA:258,0
DA:259,0
DA:260,0
DA:261,0
DA:262,0
DA:265,0
DA:267,0
DA:277,0
DA:280,0
DA:283,0
DA:284,0
DA:288,0
DA:290,0
DA:293,0
DA:295,0
DA:346,0
DA:347,0
DA:348,0
DA:361,1
DA:362,1
DA:363,1
DA:364,5
DA:365,1
DA:366,1
DA:369,1
DA:370,5
DA:371,0
DA:372,9
DA:374,1
DA:380,1
DA:382,1
DA:385,1
DA:386,3
DA:387,1
DA:388,0
DA:389,0
DA:390,0
DA:391,0
DA:393,0
DA:394,0
DA:397,0
DA:398,0
DA:399,0
DA:400,0
DA:401,0
DA:402,0
DA:404,0
DA:405,0
DA:406,0
DA:409,0
DA:410,0
DA:411,0
DA:415,0
DA:416,0
DA:417,0
DA:418,0
DA:421,0
DA:426,0
DA:427,0
DA:428,0
DA:432,0
DA:433,0
DA:434,0
DA:435,0
DA:436,0
DA:437,0
DA:440,0
DA:442,0
DA:452,0
DA:455,0
DA:458,0
DA:459,0
DA:463,0
DA:465,0
DA:468,0
DA:470,0
DA:471,0
DA:472,0
DA:473,0
DA:475,0
DA:479,0
DA:480,0
DA:481,0
DA:482,0
DA:485,0
DA:486,0
DA:487,0
DA:488,0
DA:494,0
DA:495,0
DA:496,0
DA:497,0
DA:500,0
DA:501,0
DA:504,0
DA:512,0
DA:520,0
DA:521,0
DA:522,0
DA:535,1
DA:536,1
DA:537,1
DA:538,5
DA:539,1
DA:540,1
DA:543,1
DA:544,5
DA:545,9
DA:546,0
DA:548,1
DA:554,1
LF:213
LH:59
end_of_record
SF:lib/app/modules/global_widgets/event_card_widget.dart
DA:12,1
DA:24,1
DA:42,1
DA:46,1
DA:47,3
DA:55,1
DA:58,1
DA:60,1
DA:61,0
DA:62,0
DA:63,0
DA:64,0
DA:67,0
DA:68,0
DA:69,0
DA:71,0
DA:73,0
DA:77,0
DA:81,0
DA:82,0
DA:83,0
DA:99,1
DA:100,1
DA:104,3
DA:108,1
DA:109,1
DA:120,1
DA:121,1
DA:124,1
DA:125,1
DA:126,1
DA:127,1
DA:128,5
DA:129,3
DA:131,1
DA:132,0
DA:142,1
DA:143,2
DA:145,1
DA:148,1
DA:149,1
DA:150,1
DA:151,3
DA:152,7
DA:153,1
DA:154,1
DA:155,3
DA:156,5
DA:162,1
DA:170,9
DA:183,1
LF:51
LH:37
end_of_record
SF:lib/app/modules/global_widgets/read_more_text.dart
DA:18,1
DA:26,1
DA:28,1
DA:29,1
DA:37,0
DA:38,0
DA:41,1
DA:43,1
DA:44,2
DA:45,3
DA:46,0
DA:49,3
DA:50,1
DA:51,1
DA:52,4
DA:58,3
DA:61,1
DA:62,1
DA:63,2
DA:64,1
DA:68,2
DA:69,1
DA:71,1
DA:72,2
DA:73,1
DA:74,1
DA:75,3
DA:76,1
DA:77,2
DA:78,1
DA:81,3
DA:82,2
DA:83,3
DA:84,1
DA:86,2
DA:87,2
DA:95,0
DA:96,0
DA:100,2
DA:101,1
DA:102,0
DA:103,0
DA:105,0
DA:106,0
DA:107,0
DA:108,0
DA:111,0
DA:114,1
DA:115,1
DA:116,0
DA:118,0
DA:119,0
DA:121,0
DA:122,0
DA:125,3
DA:129,0
DA:130,0
DA:132,1
LF:58
LH:39
end_of_record
SF:lib/app/modules/auth/views/login_view.dart
DA:22,1
DA:24,3
DA:25,1
DA:26,2
DA:27,1
DA:30,1
DA:32,2
DA:36,1
DA:37,2
DA:38,1
DA:40,1
DA:41,1
DA:43,1
DA:50,1
DA:51,1
DA:53,5
DA:55,1
DA:57,1
DA:59,1
DA:61,5
DA:62,1
DA:65,2
DA:68,0
DA:69,0
DA:70,0
DA:72,1
DA:73,3
DA:75,1
DA:77,1
DA:79,0
DA:82,0
DA:83,0
DA:84,0
DA:85,0
DA:87,0
DA:88,0
DA:89,0
DA:90,0
DA:92,0
DA:93,0
DA:95,0
DA:99,0
DA:100,0
DA:101,0
DA:102,0
DA:103,0
DA:107,0
DA:108,0
DA:111,0
DA:112,0
DA:113,0
DA:115,0
DA:116,0
DA:121,1
DA:123,1
DA:124,0
DA:126,0
DA:128,5
DA:129,3
DA:130,1
DA:135,0
DA:136,0
DA:144,2
DA:145,1
DA:147,2
DA:151,5
DA:152,0
DA:153,0
DA:154,0
DA:156,1
DA:157,4
DA:160,3
DA:162,1
DA:164,1
DA:165,0
DA:166,0
DA:168,2
DA:169,4
DA:171,1
DA:174,1
DA:176,1
DA:177,0
DA:178,0
DA:179,0
DA:181,0
DA:183,4
DA:184,1
DA:193,1
DA:194,2
DA:195,4
DA:196,1
DA:197,1
DA:198,4
DA:199,0
DA:200,0
DA:203,4
DA:204,1
DA:205,2
DA:206,8
DA:208,1
DA:209,0
DA:210,0
DA:213,0
DA:216,0
DA:218,1
DA:220,1
DA:221,4
DA:222,1
DA:223,0
DA:224,0
DA:226,5
DA:229,1
LF:112
LH:64
end_of_record
SF:lib/app/modules/global_widgets/custom_bottom_nav_bar.dart
DA:15,1
DA:17,1
DA:18,1
DA:22,1
DA:23,2
DA:24,3
DA:28,1
DA:30,1
DA:33,1
DA:35,1
DA:37,2
DA:38,1
DA:40,4
DA:41,3
DA:42,1
DA:43,1
DA:44,3
DA:45,1
DA:46,1
DA:47,1
DA:49,1
DA:50,1
DA:51,11
DA:52,1
DA:53,1
DA:55,6
DA:56,1
DA:59,1
DA:60,1
DA:63,3
DA:65,3
DA:66,1
DA:68,1
DA:72,4
DA:75,1
DA:80,1
DA:91,1
LF:37
LH:37
end_of_record
SF:lib/app/modules/global_widgets/drawer_link_widget.dart
DA:16,2
DA:23,2
DA:25,2
DA:27,2
DA:28,2
DA:29,4
DA:31,2
DA:33,2
DA:34,2
DA:35,2
DA:36,2
DA:37,2
DA:38,2
DA:39,1
DA:40,1
DA:41,1
DA:43,2
DA:47,8
DA:49,2
DA:50,16
LF:20
LH:20
end_of_record
SF:lib/app/modules/global_widgets/main_drawer_widget.dart
DA:21,1
DA:26,1
DA:28,1
DA:30,1
DA:31,1
DA:32,2
DA:33,1
DA:34,0
DA:35,0
DA:36,0
DA:38,0
DA:40,1
DA:41,1
DA:42,3
DA:44,1
DA:45,14
DA:46,4
DA:48,1
DA:50,1
DA:51,1
DA:52,1
DA:55,1
DA:56,1
DA:60,8
DA:65,0
DA:66,0
DA:82,1
DA:83,6
DA:84,1
DA:87,2
DA:89,0
DA:90,0
DA:91,0
DA:94,1
DA:97,2
DA:99,0
DA:100,0
DA:101,0
DA:105,2
DA:106,5
DA:107,1
DA:108,1
DA:112,2
DA:113,1
DA:114,1
DA:115,0
DA:116,0
DA:117,0
DA:118,0
DA:119,0
DA:120,0
DA:121,0
DA:122,0
DA:123,0
DA:124,0
DA:125,0
DA:126,0
DA:128,0
DA:129,0
DA:130,0
DA:139,0
LF:61
LH:33
end_of_record
