SF:lib/color_constants.dart
DA:7,3
LF:1
LH:1
end_of_record
SF:lib/app/models/event_model.dart
DA:23,3
DA:39,1
DA:40,2
DA:41,2
DA:42,2
DA:43,2
DA:48,1
DA:51,1
DA:53,1
DA:54,2
DA:55,2
DA:56,2
DA:57,2
LF:13
LH:13
end_of_record
SF:lib/app/models/parents/model.dart
DA:12,2
DA:15,4
DA:16,8
DA:19,2
DA:21,6
DA:24,0
DA:25,0
DA:29,0
DA:31,0
DA:35,4
DA:37,4
DA:38,8
DA:42,0
DA:50,1
DA:53,1
DA:54,3
DA:58,2
DA:62,1
DA:65,1
DA:66,2
DA:70,2
DA:74,4
DA:76,4
DA:77,8
DA:78,3
DA:80,4
DA:84,2
DA:88,1
DA:90,1
DA:91,2
DA:92,0
DA:94,2
DA:95,0
DA:97,4
DA:101,2
DA:105,1
DA:107,1
DA:108,2
DA:109,0
DA:110,2
DA:111,2
DA:112,2
DA:114,2
DA:117,0
DA:118,0
DA:123,0
LF:46
LH:35
end_of_record
SF:lib/app/models/user_model.dart
DA:21,9
DA:24,1
DA:25,2
DA:26,2
DA:27,2
DA:28,2
DA:29,2
DA:30,2
DA:31,2
DA:32,2
DA:33,2
DA:34,2
DA:38,1
DA:41,1
DA:43,1
DA:44,2
DA:45,2
DA:46,2
DA:47,2
DA:48,2
DA:49,2
DA:50,2
DA:51,2
DA:52,2
DA:53,2
LF:25
LH:25
end_of_record
SF:lib/app/models/post_model.dart
DA:26,5
DA:46,1
DA:47,2
DA:48,2
DA:49,2
DA:50,2
DA:55,1
DA:58,1
DA:60,1
DA:61,2
DA:62,2
DA:63,2
DA:64,2
LF:13
LH:13
end_of_record
SF:lib/app/models/setting_model.dart
DA:16,2
LF:1
LH:1
end_of_record
SF:lib/app/modules/community/controllers/community_controller.dart
DA:121,1
DA:125,0
DA:127,0
DA:129,0
DA:131,0
DA:132,0
DA:133,0
DA:134,0
DA:135,0
DA:139,0
DA:140,0
DA:142,0
DA:144,0
DA:147,0
DA:152,0
DA:153,0
DA:154,0
DA:155,0
DA:157,0
DA:162,0
DA:163,0
DA:164,0
DA:169,0
DA:173,0
DA:178,0
DA:179,0
DA:180,0
DA:181,0
DA:183,0
DA:187,0
DA:188,0
DA:189,0
DA:199,0
DA:201,0
DA:202,0
DA:205,0
DA:206,0
DA:207,0
DA:208,0
DA:209,0
DA:212,0
DA:213,0
DA:214,0
DA:215,0
DA:216,0
DA:217,0
DA:221,0
DA:222,0
DA:223,0
DA:226,0
DA:227,0
DA:228,0
DA:229,0
DA:230,0
DA:231,0
DA:232,0
DA:234,0
DA:235,0
DA:236,0
DA:237,0
DA:238,0
DA:239,0
DA:240,0
DA:241,0
DA:242,0
DA:244,0
DA:245,0
DA:246,0
DA:252,0
DA:254,0
DA:259,0
DA:262,0
DA:283,0
DA:284,0
DA:285,0
DA:286,0
DA:288,0
DA:289,0
DA:290,0
DA:291,0
DA:292,0
DA:293,0
DA:294,0
DA:295,0
DA:297,0
DA:298,0
DA:299,0
DA:300,0
DA:301,0
DA:302,0
DA:303,0
DA:304,0
DA:305,0
DA:307,0
DA:308,0
DA:309,0
DA:315,0
DA:317,0
DA:318,0
DA:319,0
DA:324,0
DA:327,0
DA:333,0
DA:334,0
DA:338,0
DA:339,0
DA:340,0
DA:341,0
DA:343,0
DA:344,0
DA:345,0
DA:346,0
DA:347,0
DA:348,0
DA:349,0
DA:350,0
DA:352,0
DA:353,0
DA:354,0
DA:355,0
DA:356,0
DA:357,0
DA:358,0
DA:359,0
DA:360,0
DA:362,0
DA:363,0
DA:364,0
DA:370,0
DA:372,0
DA:373,0
DA:374,0
DA:379,0
DA:382,0
DA:388,0
DA:389,0
DA:390,0
DA:391,0
DA:396,0
DA:397,0
DA:400,1
DA:401,1
DA:402,1
DA:403,1
DA:404,1
DA:405,3
DA:406,5
DA:407,2
DA:410,0
DA:414,0
DA:415,0
DA:419,1
DA:420,1
DA:421,1
DA:422,1
DA:423,1
DA:424,3
DA:425,5
DA:426,2
DA:429,3
DA:433,0
DA:434,0
DA:438,1
DA:439,1
DA:440,1
DA:441,1
DA:442,1
DA:443,3
DA:444,5
DA:445,2
DA:448,3
DA:454,1
DA:455,1
DA:456,1
DA:457,1
DA:458,1
DA:459,3
DA:460,5
DA:461,2
DA:464,3
DA:467,0
DA:468,0
DA:471,0
DA:473,0
DA:475,0
DA:478,0
DA:479,0
DA:480,0
DA:481,0
DA:482,0
DA:483,0
DA:484,0
DA:485,0
DA:491,0
DA:495,0
DA:496,0
DA:502,0
DA:504,0
DA:505,0
DA:506,0
DA:507,0
DA:508,0
DA:509,0
DA:510,0
DA:511,0
DA:517,0
DA:522,0
DA:523,0
DA:526,0
DA:531,0
DA:532,0
DA:533,0
DA:534,0
DA:535,0
DA:536,0
DA:539,0
DA:541,0
DA:542,0
DA:543,0
DA:544,0
DA:545,0
DA:548,0
DA:551,0
DA:552,0
DA:559,0
DA:561,0
DA:562,0
DA:563,0
DA:564,0
DA:568,0
DA:571,0
DA:572,0
DA:577,0
DA:579,0
DA:583,0
DA:584,0
DA:592,0
DA:594,0
DA:595,0
DA:596,0
DA:597,0
DA:598,0
DA:599,0
DA:601,0
DA:602,0
DA:603,0
DA:604,0
DA:605,0
DA:606,0
DA:607,0
DA:608,0
DA:609,0
DA:611,0
DA:612,0
DA:613,0
DA:614,0
DA:615,0
DA:622,0
DA:630,0
DA:632,0
DA:633,0
DA:634,0
DA:635,0
DA:636,0
DA:637,0
DA:638,0
DA:640,0
DA:641,0
DA:642,0
DA:643,0
DA:644,0
DA:645,0
DA:646,0
DA:647,0
DA:648,0
DA:650,0
DA:651,0
DA:652,0
DA:655,0
DA:660,0
DA:661,0
DA:664,0
DA:669,0
DA:671,0
DA:672,0
DA:673,0
DA:675,0
DA:676,0
DA:677,0
DA:681,0
DA:682,0
DA:683,0
DA:687,0
DA:696,0
DA:697,0
DA:699,0
DA:700,0
DA:701,0
DA:702,0
DA:706,0
LF:300
LH:36
end_of_record
SF:lib/app/modules/events/controllers/events_controller.dart
DA:94,1
DA:95,2
DA:99,0
DA:101,0
DA:102,0
DA:104,0
DA:105,0
DA:106,0
DA:107,0
DA:108,0
DA:113,0
DA:114,0
DA:117,0
DA:119,0
DA:122,0
DA:127,0
DA:128,0
DA:129,0
DA:130,0
DA:132,0
DA:137,0
DA:138,0
DA:139,0
DA:144,0
DA:148,0
DA:153,0
DA:154,0
DA:155,0
DA:156,0
DA:158,0
DA:162,0
DA:163,0
DA:164,0
DA:173,0
DA:174,0
DA:175,0
DA:176,0
DA:177,0
DA:180,0
DA:182,0
DA:183,0
DA:186,0
DA:187,0
DA:188,0
DA:189,0
DA:190,0
DA:191,0
DA:194,0
DA:196,0
DA:198,0
DA:201,0
DA:202,0
DA:203,0
DA:204,0
DA:205,0
DA:206,0
DA:207,0
DA:208,0
DA:214,0
DA:218,0
DA:219,0
DA:225,0
DA:227,0
DA:228,0
DA:229,0
DA:230,0
DA:231,0
DA:232,0
DA:233,0
DA:234,0
DA:240,0
DA:245,0
DA:246,0
DA:249,0
DA:254,0
DA:255,0
DA:257,0
DA:258,0
DA:261,0
DA:262,0
DA:263,0
DA:264,0
DA:265,0
DA:276,0
DA:277,0
DA:278,0
DA:280,0
DA:281,0
DA:282,0
DA:287,0
DA:288,0
DA:290,0
DA:291,0
DA:294,0
DA:295,0
DA:296,0
DA:297,0
DA:298,0
DA:308,0
DA:309,0
DA:310,0
DA:313,0
DA:314,0
DA:315,0
DA:319,0
DA:320,0
DA:321,0
DA:322,0
DA:323,0
DA:324,0
DA:330,0
DA:331,0
DA:334,1
DA:335,1
DA:336,1
DA:337,1
DA:338,1
DA:339,3
DA:340,5
DA:341,2
DA:344,0
DA:348,0
DA:349,0
DA:350,0
DA:354,1
DA:355,1
DA:356,1
DA:357,1
DA:358,1
DA:359,3
DA:360,5
DA:361,2
DA:364,3
DA:368,0
DA:369,0
DA:373,1
DA:374,1
DA:375,1
DA:376,1
DA:377,1
DA:378,3
DA:379,5
DA:380,2
DA:383,3
DA:389,1
DA:390,1
DA:391,1
DA:392,1
DA:393,1
DA:394,3
DA:395,5
DA:396,2
DA:399,3
DA:402,0
DA:403,0
DA:407,0
DA:408,0
DA:409,0
DA:410,0
DA:411,0
DA:412,0
DA:413,0
DA:414,0
DA:417,0
DA:421,0
DA:422,0
DA:423,0
DA:424,0
DA:426,0
DA:427,0
DA:428,0
DA:429,0
DA:430,0
DA:431,0
DA:432,0
DA:433,0
DA:434,0
DA:435,0
DA:436,0
DA:437,0
DA:438,0
DA:439,0
DA:440,0
DA:448,0
DA:452,0
DA:453,0
DA:454,0
DA:459,0
DA:462,0
DA:468,0
DA:469,0
DA:473,0
DA:474,0
DA:475,0
DA:476,0
DA:478,0
DA:479,0
DA:480,0
DA:481,0
DA:482,0
DA:483,0
DA:484,0
DA:485,0
DA:487,0
DA:488,0
DA:489,0
DA:490,0
DA:491,0
DA:492,0
DA:493,0
DA:494,0
DA:495,0
DA:496,0
DA:497,0
DA:498,0
DA:502,0
DA:504,0
DA:505,0
DA:506,0
DA:511,0
DA:514,0
DA:520,0
DA:521,0
DA:522,0
DA:523,0
DA:527,0
DA:528,0
DA:529,0
DA:531,0
DA:532,0
DA:533,0
DA:534,0
DA:535,0
DA:536,0
DA:543,0
DA:544,0
DA:548,0
DA:554,0
DA:555,0
DA:556,0
DA:558,0
DA:559,0
DA:560,0
DA:561,0
DA:562,0
DA:563,0
DA:570,0
DA:571,0
DA:574,0
DA:576,0
DA:580,0
DA:581,0
DA:582,0
DA:584,0
DA:585,0
DA:586,0
DA:587,0
DA:588,0
DA:589,0
DA:596,0
DA:597,0
DA:601,0
DA:602,0
DA:606,0
DA:607,0
DA:610,0
DA:612,0
DA:613,0
DA:614,0
DA:615,0
DA:616,0
DA:617,0
DA:618,0
DA:619,0
DA:620,0
DA:621,0
DA:622,0
DA:623,0
DA:624,0
DA:632,0
DA:636,0
DA:641,0
DA:650,0
DA:652,0
DA:653,0
DA:654,0
DA:655,0
DA:656,0
DA:657,0
DA:658,0
DA:659,0
DA:660,0
DA:661,0
DA:662,0
DA:671,0
DA:678,0
DA:679,0
DA:680,0
DA:681,0
DA:682,0
DA:683,0
DA:684,0
DA:685,0
DA:688,0
DA:689,0
DA:690,0
DA:691,0
DA:692,0
DA:696,0
DA:699,0
DA:700,0
DA:707,0
DA:709,0
DA:710,0
DA:711,0
DA:712,0
DA:716,0
DA:719,0
DA:720,0
DA:727,0
DA:729,0
DA:730,0
DA:731,0
DA:732,0
DA:736,0
LF:325
LH:37
end_of_record
SF:lib/app/modules/root/controllers/root_controller.dart
DA:21,1
DA:25,1
DA:27,1
DA:38,0
DA:40,0
DA:41,0
DA:42,0
DA:44,0
DA:45,0
DA:49,0
DA:50,0
DA:51,0
DA:53,0
DA:54,0
DA:55,0
DA:56,0
DA:64,0
DA:65,0
DA:66,0
DA:68,0
DA:72,0
DA:74,0
DA:76,0
DA:79,0
DA:81,0
DA:82,0
DA:86,0
DA:88,0
DA:89,0
DA:94,0
DA:96,0
DA:97,0
LF:32
LH:3
end_of_record
SF:lib/app/providers/laravel_provider.dart
DA:22,1
DA:23,3
DA:24,5
DA:30,0
DA:31,0
DA:32,0
DA:38,0
DA:40,0
DA:41,0
DA:46,1
DA:47,1
DA:51,5
DA:52,3
DA:53,1
DA:54,1
DA:55,1
DA:56,1
DA:57,1
DA:58,1
DA:59,1
DA:60,1
DA:64,6
DA:67,0
DA:69,0
DA:112,1
DA:113,1
DA:117,2
DA:118,1
DA:119,1
DA:121,1
DA:122,1
DA:123,3
DA:124,1
DA:149,1
DA:150,6
DA:151,1
DA:154,5
DA:155,1
DA:156,1
DA:157,1
DA:158,3
DA:159,1
DA:180,1
DA:181,1
DA:186,1
DA:187,1
DA:188,3
DA:189,1
DA:209,1
DA:210,1
DA:214,1
DA:215,1
DA:216,3
DA:217,1
DA:239,1
DA:240,2
DA:241,1
DA:244,6
DA:246,1
DA:247,1
DA:248,3
DA:249,1
DA:270,1
DA:273,1
DA:276,5
DA:277,1
DA:278,5
DA:279,3
DA:280,1
DA:281,2
DA:282,2
DA:286,3
DA:287,6
DA:289,0
DA:291,0
DA:294,0
DA:296,0
DA:313,1
DA:314,1
DA:317,5
DA:318,1
DA:320,6
DA:321,3
DA:322,1
DA:323,2
DA:325,2
DA:329,3
DA:330,6
DA:333,0
DA:335,0
DA:353,1
DA:354,1
DA:356,1
DA:359,5
DA:360,1
DA:361,1
DA:362,1
DA:363,3
DA:364,1
DA:383,1
DA:384,1
DA:387,5
DA:388,1
DA:389,1
DA:390,1
DA:391,3
DA:392,1
DA:410,1
DA:411,1
DA:414,5
DA:415,1
DA:416,2
DA:419,1
DA:420,1
DA:421,3
DA:422,1
DA:443,1
DA:444,1
DA:447,5
DA:448,1
DA:449,1
DA:450,1
DA:451,3
DA:452,1
DA:470,1
DA:471,1
DA:474,5
DA:475,1
DA:476,1
DA:477,1
DA:478,3
DA:479,1
DA:499,1
DA:500,2
DA:501,1
DA:504,6
DA:506,1
DA:507,1
DA:508,3
DA:509,1
DA:531,1
DA:532,2
DA:533,1
DA:536,6
DA:538,1
DA:539,1
DA:540,3
DA:541,1
DA:565,1
DA:566,2
DA:567,1
DA:570,6
DA:572,1
DA:573,1
DA:574,3
DA:575,1
DA:596,1
DA:597,1
DA:600,5
DA:601,1
DA:602,1
DA:603,1
DA:604,3
DA:605,1
DA:623,1
DA:624,1
DA:627,5
DA:628,1
DA:630,5
DA:631,3
DA:632,1
DA:633,1
DA:634,1
DA:635,1
DA:636,6
DA:637,1
DA:638,1
DA:640,2
DA:641,2
DA:644,6
DA:646,0
DA:647,0
DA:663,0
DA:667,1
DA:668,1
DA:671,5
DA:672,1
DA:673,1
DA:674,1
DA:675,3
DA:676,1
DA:697,1
DA:698,2
DA:699,1
DA:702,6
DA:704,1
DA:705,1
DA:706,3
DA:707,1
DA:729,1
DA:730,2
DA:731,1
DA:734,6
DA:736,1
DA:737,1
DA:738,3
DA:739,1
LF:207
LH:190
end_of_record
SF:lib/app/services/auth_service.dart
DA:13,4
DA:14,8
DA:15,8
DA:18,0
DA:19,0
DA:20,0
DA:22,0
DA:26,0
DA:27,0
DA:28,0
DA:35,0
DA:36,0
DA:37,0
DA:38,0
DA:41,0
LF:15
LH:3
end_of_record
SF:lib/app/modules/auth/controllers/auth_controller.dart
DA:41,0
DA:100,1
DA:101,4
DA:102,2
DA:103,0
DA:106,2
DA:107,0
DA:109,2
DA:110,0
DA:112,2
DA:113,0
DA:115,2
DA:116,0
DA:118,2
DA:119,0
DA:126,0
DA:128,0
DA:129,0
DA:130,0
DA:131,0
DA:134,0
DA:136,0
DA:139,0
DA:140,0
DA:141,0
DA:142,0
DA:144,0
DA:148,0
DA:149,0
DA:150,0
DA:155,0
DA:158,0
DA:163,0
DA:164,0
DA:165,0
DA:166,0
DA:168,0
DA:172,0
DA:173,0
DA:174,0
DA:180,0
DA:183,1
DA:184,2
DA:187,1
DA:188,1
DA:189,1
DA:190,1
DA:191,1
DA:192,3
DA:193,5
DA:194,2
DA:197,0
DA:201,0
DA:202,0
DA:206,1
DA:207,1
DA:208,1
DA:209,1
DA:210,1
DA:211,3
DA:212,5
DA:213,2
DA:216,3
DA:220,0
DA:221,0
DA:225,1
DA:226,1
DA:227,1
DA:228,1
DA:229,1
DA:230,3
DA:231,5
DA:232,2
DA:235,3
DA:240,1
DA:241,1
DA:242,1
DA:243,1
DA:244,1
DA:245,3
DA:246,5
DA:247,2
DA:250,3
DA:254,1
DA:255,1
DA:258,2
DA:262,2
DA:263,1
DA:264,3
DA:265,1
DA:276,4
DA:277,4
DA:278,5
DA:281,1
DA:282,1
DA:283,2
DA:284,1
DA:285,1
DA:288,1
DA:291,1
DA:292,1
DA:293,1
DA:294,1
DA:295,1
DA:301,5
DA:303,1
DA:304,1
DA:305,1
DA:310,5
DA:318,1
DA:319,1
DA:321,2
DA:323,2
DA:324,3
DA:325,0
DA:326,0
DA:327,0
DA:328,0
DA:329,0
DA:330,0
DA:331,0
DA:332,0
DA:336,3
DA:337,4
DA:340,4
DA:348,2
DA:350,2
DA:351,3
DA:352,0
DA:353,0
DA:354,0
DA:355,0
DA:356,0
DA:357,0
DA:358,0
DA:359,0
DA:363,1
DA:364,3
DA:365,4
DA:368,4
DA:374,0
DA:376,0
DA:377,0
DA:378,0
DA:379,0
DA:382,0
DA:384,0
DA:389,0
DA:390,0
DA:391,0
DA:392,0
DA:394,0
DA:395,0
DA:396,0
DA:397,0
DA:398,0
DA:400,0
DA:401,0
DA:402,0
DA:403,0
DA:404,0
DA:405,0
DA:406,0
DA:408,0
DA:409,0
DA:411,0
DA:412,0
DA:414,0
DA:418,0
DA:420,0
DA:428,0
DA:430,0
DA:431,0
DA:432,0
DA:436,0
DA:446,1
DA:447,2
LF:177
LH:88
end_of_record
SF:lib/app/repositories/sector_repository.dart
DA:10,0
DA:11,0
DA:12,0
LF:3
LH:0
end_of_record
SF:lib/app/repositories/user_repository.dart
DA:7,0
DA:8,0
DA:9,0
DA:12,0
DA:13,0
DA:14,0
DA:19,0
DA:20,0
DA:21,0
DA:24,0
DA:25,0
DA:26,0
LF:12
LH:0
end_of_record
SF:lib/app/repositories/zone_repository.dart
DA:10,0
DA:11,0
DA:12,0
DA:15,0
DA:16,0
DA:17,0
DA:19,0
DA:20,0
DA:21,0
LF:9
LH:0
end_of_record
SF:lib/app/modules/community/views/community_view.dart
DA:21,15
DA:23,0
DA:25,0
DA:26,0
DA:27,0
DA:28,0
DA:30,0
DA:31,0
DA:32,0
DA:33,0
DA:34,0
DA:35,0
DA:36,0
DA:39,0
DA:44,0
DA:45,0
DA:46,0
DA:47,0
DA:49,0
DA:50,0
DA:51,0
DA:52,0
DA:55,0
DA:56,0
DA:61,0
DA:64,0
DA:65,0
DA:66,0
DA:69,0
DA:70,0
DA:71,0
DA:75,0
DA:79,0
DA:80,0
DA:87,0
DA:88,0
DA:89,0
DA:91,0
DA:94,0
DA:95,0
DA:96,0
DA:97,0
DA:98,0
DA:100,0
DA:101,0
DA:104,0
DA:105,0
DA:112,0
DA:118,0
DA:120,0
DA:123,0
DA:124,0
DA:125,0
DA:126,0
DA:128,0
DA:129,0
DA:130,0
DA:131,0
DA:136,0
DA:137,0
DA:144,0
DA:154,0
DA:161,0
DA:162,0
DA:163,0
DA:165,0
DA:166,0
DA:168,0
DA:169,0
DA:170,0
DA:171,0
DA:172,0
DA:173,0
DA:174,0
DA:175,0
DA:176,0
DA:177,0
DA:178,0
DA:179,0
DA:180,0
DA:181,0
DA:182,0
DA:183,0
DA:184,0
DA:185,0
DA:187,0
DA:188,0
DA:190,0
DA:192,0
DA:200,0
DA:201,0
DA:203,0
DA:204,0
DA:205,0
DA:206,0
DA:209,0
DA:210,0
DA:211,0
DA:215,0
DA:216,0
DA:217,0
DA:220,0
DA:221,0
DA:222,0
DA:223,0
DA:224,0
DA:225,0
DA:226,0
DA:229,0
DA:230,0
DA:231,0
DA:232,0
DA:233,0
DA:234,0
DA:237,0
DA:238,0
DA:239,0
DA:240,0
DA:244,0
DA:245,0
DA:246,0
DA:247,0
DA:248,0
DA:250,0
DA:251,0
DA:252,0
DA:253,0
DA:255,0
DA:257,0
DA:259,0
DA:262,0
DA:263,0
DA:266,0
DA:267,0
DA:268,0
DA:270,0
DA:272,0
DA:275,0
DA:276,0
DA:279,0
DA:280,0
DA:281,0
DA:282,0
DA:284,0
DA:286,0
DA:290,0
DA:292,0
DA:293,0
DA:294,0
DA:295,0
DA:307,0
DA:310,0
DA:311,0
DA:312,0
DA:313,0
DA:314,0
DA:315,0
DA:317,0
DA:320,0
DA:321,0
DA:322,0
DA:323,0
DA:328,0
DA:329,0
DA:330,0
LF:165
LH:1
end_of_record
SF:lib/app/modules/community/widgets/buildSelectSector.dart
DA:12,1
DA:13,1
DA:17,1
DA:19,1
DA:21,1
DA:23,1
DA:24,4
DA:27,2
DA:28,1
DA:29,1
DA:30,1
DA:33,0
DA:37,1
DA:38,2
DA:42,3
DA:43,0
DA:44,0
DA:45,0
DA:46,0
DA:47,0
DA:50,0
DA:52,0
DA:62,1
DA:65,1
DA:68,1
DA:69,5
DA:73,1
DA:75,3
DA:78,0
DA:80,0
DA:125,0
DA:126,0
DA:127,0
DA:128,0
DA:134,1
LF:35
LH:21
end_of_record
SF:lib/app/modules/community/widgets/buildSelectZone.dart
DA:13,1
DA:14,1
DA:18,1
DA:20,2
DA:21,3
DA:23,1
DA:25,1
DA:26,4
DA:27,1
DA:28,1
DA:29,3
DA:31,1
DA:32,1
DA:33,3
DA:34,1
DA:35,1
DA:38,1
DA:39,2
DA:40,2
DA:46,1
DA:47,1
DA:48,4
DA:51,2
DA:52,1
DA:53,1
DA:54,1
DA:57,0
DA:63,0
DA:64,0
DA:68,3
DA:69,0
DA:70,0
DA:71,0
DA:72,0
DA:73,0
DA:76,0
DA:78,0
DA:88,1
DA:91,1
DA:94,1
DA:95,5
DA:99,1
DA:101,7
DA:104,1
DA:106,1
DA:162,3
DA:163,4
DA:164,10
DA:171,1
DA:173,7
DA:174,1
DA:175,1
DA:176,3
DA:177,3
DA:178,3
DA:181,1
DA:182,1
DA:183,3
DA:184,1
DA:185,1
DA:188,1
DA:189,1
DA:190,1
DA:197,0
DA:198,0
DA:199,0
DA:202,0
DA:203,0
DA:204,0
DA:205,0
DA:208,0
DA:214,0
DA:215,0
DA:219,0
DA:220,0
DA:221,0
DA:222,0
DA:223,0
DA:224,0
DA:227,0
DA:229,0
DA:239,0
DA:242,0
DA:245,0
DA:246,0
DA:250,0
DA:252,0
DA:255,0
DA:257,0
DA:308,0
DA:309,0
DA:310,0
DA:317,0
DA:319,7
DA:320,1
DA:321,1
DA:322,3
DA:323,3
DA:324,3
DA:326,0
DA:327,0
DA:330,1
DA:331,1
DA:332,3
DA:333,1
DA:334,1
DA:337,1
DA:338,1
DA:339,1
DA:345,0
DA:346,0
DA:347,0
DA:350,0
DA:351,0
DA:352,0
DA:353,0
DA:356,0
DA:362,0
DA:363,0
DA:367,0
DA:368,0
DA:369,0
DA:370,0
DA:371,0
DA:372,0
DA:375,0
DA:377,0
DA:387,0
DA:390,0
DA:393,0
DA:394,0
DA:398,0
DA:400,0
DA:403,0
DA:405,0
DA:406,0
DA:407,0
DA:408,0
DA:410,0
DA:414,0
DA:415,0
DA:416,0
DA:417,0
DA:420,0
DA:421,0
DA:422,0
DA:423,0
DA:429,0
DA:430,0
DA:431,0
DA:432,0
DA:435,0
DA:436,0
DA:439,0
DA:447,0
DA:455,0
DA:456,0
DA:457,0
DA:464,0
DA:467,1
LF:160
LH:68
end_of_record
SF:lib/app/modules/community/widgets/comment_loading_widget.dart
DA:6,1
DA:9,1
DA:11,1
DA:13,1
DA:14,1
DA:15,1
DA:16,1
DA:19,2
DA:20,1
DA:21,1
DA:22,1
DA:23,1
LF:12
LH:12
end_of_record
SF:lib/app/modules/global_widgets/loading_cards.dart
DA:4,31
DA:6,1
DA:8,1
DA:10,1
DA:12,1
DA:20,1
DA:21,1
DA:22,1
DA:23,2
DA:27,1
LF:10
LH:10
end_of_record
SF:lib/app/modules/global_widgets/post_card_widget.dart
DA:12,1
DA:34,1
DA:61,1
DA:65,1
DA:67,3
DA:75,1
DA:78,1
DA:79,1
DA:81,1
DA:84,1
DA:85,1
DA:86,0
DA:87,0
DA:88,0
DA:91,0
DA:92,0
DA:93,0
DA:95,0
DA:97,0
DA:98,0
DA:99,0
DA:101,0
DA:105,0
DA:106,0
DA:107,0
DA:108,0
DA:109,0
DA:122,1
DA:123,1
DA:127,4
DA:131,1
DA:132,1
DA:142,1
DA:145,1
DA:146,22
DA:147,1
DA:148,1
DA:151,1
DA:152,1
DA:153,1
DA:154,3
DA:155,7
DA:156,1
DA:157,1
DA:158,3
DA:159,5
DA:170,1
DA:178,3
DA:179,3
DA:180,3
DA:181,0
DA:182,0
DA:183,0
DA:184,0
DA:185,0
DA:186,0
DA:188,0
DA:189,0
DA:190,0
DA:195,0
DA:196,0
DA:198,0
DA:199,0
DA:207,1
DA:208,1
DA:209,3
DA:210,1
DA:212,2
DA:213,1
DA:214,1
DA:215,1
DA:216,1
DA:217,3
DA:218,3
DA:220,4
DA:221,8
DA:222,1
DA:227,1
DA:228,1
DA:230,2
DA:231,3
DA:234,1
DA:246,3
DA:247,1
DA:248,6
DA:250,3
DA:251,0
DA:253,1
DA:254,6
DA:258,1
DA:259,2
DA:260,0
DA:262,1
DA:263,3
DA:265,2
DA:266,0
DA:269,1
DA:270,5
DA:278,1
DA:281,1
DA:284,1
DA:286,1
DA:287,1
DA:288,1
DA:290,1
DA:291,1
DA:293,1
DA:299,1
DA:300,1
DA:301,1
DA:308,1
DA:309,1
DA:310,1
DA:322,1
LF:114
LH:82
end_of_record
SF:lib/app/modules/global_widgets/text_field_widget.dart
DA:8,6
DA:34,6
DA:61,6
DA:63,6
DA:66,6
DA:67,6
DA:69,6
DA:70,6
DA:71,6
DA:72,6
DA:73,18
DA:74,6
DA:78,12
DA:80,6
DA:81,6
DA:82,6
DA:83,12
DA:84,6
DA:85,12
DA:86,6
DA:87,6
DA:88,6
DA:89,6
DA:90,6
DA:91,6
DA:92,6
DA:93,6
DA:94,6
DA:95,12
DA:96,6
DA:97,6
DA:98,6
DA:99,6
DA:101,6
DA:102,6
DA:103,6
DA:104,6
DA:105,6
DA:109,6
DA:112,0
DA:113,0
DA:116,0
DA:119,0
DA:125,0
DA:126,0
DA:128,0
DA:135,0
DA:136,0
DA:138,0
LF:49
LH:39
end_of_record
SF:lib/app/modules/global_widgets/location_widget.dart
DA:8,3
DA:11,3
DA:18,3
DA:20,3
DA:22,3
DA:27,3
DA:29,3
DA:30,3
DA:32,3
DA:34,9
DA:35,3
DA:38,3
DA:39,3
DA:40,18
DA:46,3
LF:15
LH:15
end_of_record
SF:lib/app/modules/community/widgets/comment_widget.dart
DA:7,1
DA:10,1
DA:17,1
DA:19,1
DA:22,1
DA:23,1
DA:24,1
DA:28,3
DA:29,1
DA:32,0
DA:33,0
DA:40,1
DA:43,1
DA:44,1
DA:46,1
DA:47,1
DA:48,1
DA:51,1
DA:54,1
DA:55,1
DA:56,5
DA:60,1
DA:61,1
DA:62,1
DA:63,2
DA:64,5
LF:26
LH:24
end_of_record
SF:lib/app/repositories/events_repository.dart
DA:12,0
DA:13,0
DA:14,0
DA:16,0
DA:17,0
DA:18,0
DA:21,0
DA:22,0
DA:23,0
DA:26,0
DA:27,0
DA:28,0
DA:32,0
DA:33,0
DA:34,0
DA:38,0
DA:39,0
DA:40,0
DA:44,0
DA:45,0
DA:46,0
LF:21
LH:0
end_of_record
SF:lib/app/modules/events/views/events_view.dart
DA:17,15
DA:19,0
DA:21,0
DA:22,0
DA:23,0
DA:24,0
DA:26,0
DA:27,0
DA:28,0
DA:29,0
DA:30,0
DA:31,0
DA:33,0
DA:34,0
DA:36,0
DA:41,0
DA:42,0
DA:43,0
DA:44,0
DA:46,0
DA:47,0
DA:48,0
DA:49,0
DA:50,0
DA:53,0
DA:56,0
DA:57,0
DA:62,0
DA:65,0
DA:66,0
DA:67,0
DA:70,0
DA:71,0
DA:72,0
DA:76,0
DA:80,0
DA:81,0
DA:88,0
DA:89,0
DA:90,0
DA:92,0
DA:95,0
DA:96,0
DA:97,0
DA:98,0
DA:99,0
DA:101,0
DA:102,0
DA:105,0
DA:106,0
DA:113,0
DA:119,0
DA:121,0
DA:124,0
DA:125,0
DA:126,0
DA:127,0
DA:129,0
DA:130,0
DA:133,0
DA:134,0
DA:141,0
DA:151,0
DA:159,0
DA:160,0
DA:161,0
DA:163,0
DA:164,0
DA:165,0
DA:166,0
DA:167,0
DA:169,0
DA:171,0
DA:172,0
DA:173,0
DA:174,0
DA:175,0
DA:176,0
DA:177,0
DA:178,0
DA:179,0
DA:180,0
DA:181,0
DA:182,0
DA:184,0
DA:185,0
DA:186,0
DA:188,0
DA:190,0
DA:192,0
DA:195,0
DA:196,0
DA:199,0
DA:200,0
DA:201,0
DA:203,0
DA:205,0
DA:208,0
DA:209,0
DA:212,0
DA:213,0
DA:214,0
DA:216,0
DA:218,0
DA:224,0
DA:225,0
DA:226,0
DA:227,0
DA:239,0
DA:242,0
DA:243,0
DA:244,0
DA:245,0
DA:246,0
DA:247,0
DA:249,0
DA:252,0
DA:253,0
DA:254,0
DA:255,0
DA:261,0
DA:262,0
DA:263,0
LF:123
LH:1
end_of_record
SF:lib/app/modules/events/widgets/buildSelectSector.dart
DA:12,1
DA:13,1
DA:17,1
DA:19,1
DA:21,1
DA:23,1
DA:24,4
DA:27,2
DA:28,1
DA:29,1
DA:30,1
DA:33,0
DA:37,1
DA:38,2
DA:42,3
DA:43,0
DA:44,0
DA:45,0
DA:46,0
DA:47,0
DA:50,0
DA:52,0
DA:62,1
DA:65,1
DA:68,1
DA:69,5
DA:73,1
DA:75,3
DA:78,0
DA:80,0
DA:125,0
DA:126,0
DA:127,0
DA:128,0
DA:134,1
LF:35
LH:21
end_of_record
SF:lib/app/modules/events/widgets/buildSelectZone.dart
DA:11,1
DA:12,1
DA:16,1
DA:18,2
DA:19,3
DA:21,1
DA:23,1
DA:24,4
DA:25,1
DA:26,1
DA:27,3
DA:29,1
DA:30,1
DA:31,3
DA:32,1
DA:33,1
DA:36,1
DA:37,2
DA:38,2
DA:44,1
DA:45,1
DA:46,4
DA:49,2
DA:50,1
DA:51,1
DA:52,1
DA:55,0
DA:61,0
DA:62,0
DA:66,3
DA:67,0
DA:68,0
DA:69,0
DA:70,0
DA:71,0
DA:74,0
DA:76,0
DA:86,1
DA:89,1
DA:92,1
DA:93,5
DA:97,1
DA:99,7
DA:102,1
DA:104,1
DA:160,3
DA:161,4
DA:162,10
DA:169,1
DA:171,7
DA:172,1
DA:181,1
DA:182,1
DA:183,3
DA:184,1
DA:185,1
DA:188,1
DA:189,1
DA:190,1
DA:197,0
DA:198,0
DA:199,0
DA:202,0
DA:203,0
DA:204,0
DA:205,0
DA:208,0
DA:214,0
DA:215,0
DA:219,0
DA:220,0
DA:221,0
DA:222,0
DA:223,0
DA:224,0
DA:227,0
DA:229,0
DA:239,0
DA:242,0
DA:245,0
DA:246,0
DA:250,0
DA:252,0
DA:255,0
DA:257,0
DA:308,0
DA:309,0
DA:310,0
DA:317,0
DA:319,7
DA:320,1
DA:321,1
DA:322,3
DA:323,3
DA:324,3
DA:326,0
DA:327,0
DA:330,1
DA:331,1
DA:332,3
DA:333,1
DA:334,1
DA:337,1
DA:338,1
DA:339,1
DA:345,0
DA:346,0
DA:347,0
DA:350,0
DA:351,0
DA:352,0
DA:353,0
DA:356,0
DA:362,0
DA:363,0
DA:367,0
DA:368,0
DA:369,0
DA:370,0
DA:371,0
DA:372,0
DA:375,0
DA:377,0
DA:387,0
DA:390,0
DA:393,0
DA:394,0
DA:398,0
DA:400,0
DA:403,0
DA:405,0
DA:406,0
DA:407,0
DA:408,0
DA:410,0
DA:414,0
DA:415,0
DA:416,0
DA:417,0
DA:420,0
DA:421,0
DA:422,0
DA:423,0
DA:429,0
DA:430,0
DA:431,0
DA:432,0
DA:435,0
DA:436,0
DA:439,0
DA:447,0
DA:455,0
DA:456,0
DA:457,0
DA:464,0
DA:467,1
LF:156
LH:64
end_of_record
SF:lib/app/modules/global_widgets/event_card_widget.dart
DA:12,1
DA:23,1
DA:40,1
DA:44,1
DA:45,3
DA:53,1
DA:56,1
DA:58,1
DA:59,0
DA:60,0
DA:61,0
DA:62,0
DA:65,0
DA:66,0
DA:67,0
DA:69,0
DA:71,0
DA:75,0
DA:79,0
DA:80,0
DA:81,0
DA:97,1
DA:98,1
DA:102,3
DA:106,1
DA:107,1
DA:118,1
DA:119,1
DA:122,1
DA:123,1
DA:124,1
DA:125,1
DA:126,5
DA:127,3
DA:130,1
DA:139,1
DA:142,1
DA:143,1
DA:144,1
DA:145,3
DA:147,7
DA:148,1
DA:149,1
DA:152,5
DA:159,3
DA:160,2
DA:161,3
DA:162,1
DA:164,3
DA:177,1
LF:50
LH:37
end_of_record
SF:lib/app/repositories/community_repository.dart
DA:11,0
DA:12,0
DA:13,0
DA:16,0
DA:17,0
DA:18,0
DA:21,0
DA:22,0
DA:23,0
DA:26,0
DA:27,0
DA:28,0
DA:31,0
DA:32,0
DA:33,0
DA:36,0
DA:37,0
DA:38,0
DA:41,0
DA:42,0
DA:43,0
DA:47,0
DA:48,0
DA:49,0
DA:53,0
DA:54,0
DA:55,0
DA:59,0
DA:60,0
DA:61,0
LF:30
LH:0
end_of_record
SF:lib/app/modules/auth/views/login_view.dart
DA:20,1
DA:22,3
DA:23,1
DA:24,2
DA:25,1
DA:28,1
DA:30,2
DA:34,1
DA:35,2
DA:36,1
DA:38,1
DA:39,1
DA:41,1
DA:48,1
DA:51,1
DA:53,1
DA:55,1
DA:57,1
DA:58,1
DA:64,0
DA:65,1
DA:66,4
DA:68,0
DA:69,0
DA:71,1
DA:73,1
DA:75,2
DA:76,1
DA:82,5
DA:83,0
DA:84,1
DA:85,4
DA:87,0
DA:88,0
DA:91,3
DA:93,1
DA:95,1
DA:96,0
DA:97,0
DA:99,2
DA:100,4
DA:102,1
DA:105,1
DA:107,1
DA:108,1
DA:109,2
DA:121,1
DA:122,2
DA:123,4
DA:124,1
DA:125,1
DA:126,2
DA:129,4
DA:130,1
DA:132,8
DA:134,1
DA:135,0
DA:136,0
DA:139,0
DA:142,0
DA:144,1
DA:146,1
DA:147,2
DA:148,1
DA:149,0
DA:150,0
DA:152,3
DA:155,1
LF:68
LH:54
end_of_record
SF:lib/app/modules/global_widgets/block_button_widget.dart
DA:5,4
DA:11,2
DA:13,2
DA:14,2
DA:15,2
DA:16,2
DA:17,2
DA:19,6
DA:20,4
DA:21,2
LF:10
LH:10
end_of_record
SF:lib/app/modules/global_widgets/custom_bottom_nav_bar.dart
DA:15,1
DA:17,1
DA:18,1
DA:22,1
DA:23,2
DA:24,3
DA:28,1
DA:30,1
DA:33,1
DA:35,1
DA:37,2
DA:38,1
DA:40,4
DA:41,3
DA:42,1
DA:43,1
DA:44,3
DA:45,1
DA:46,1
DA:47,1
DA:49,1
DA:50,1
DA:51,11
DA:52,1
DA:53,1
DA:55,6
DA:56,1
DA:58,1
DA:59,1
DA:62,3
DA:64,3
DA:65,1
DA:67,1
DA:71,4
DA:74,1
DA:79,1
DA:90,1
LF:37
LH:37
end_of_record
SF:lib/app/modules/global_widgets/drawer_link_widget.dart
DA:16,2
DA:23,2
DA:25,2
DA:27,2
DA:28,2
DA:29,4
DA:31,2
DA:33,2
DA:34,2
DA:35,2
DA:36,2
DA:37,2
DA:38,2
DA:39,1
DA:40,1
DA:41,1
DA:43,2
DA:47,8
DA:49,2
DA:50,16
LF:20
LH:20
end_of_record
SF:lib/app/modules/global_widgets/main_drawer_widget.dart
DA:14,1
DA:19,1
DA:21,1
DA:23,1
DA:24,1
DA:25,2
DA:26,1
DA:27,0
DA:28,0
DA:30,1
DA:31,1
DA:32,3
DA:34,1
DA:35,14
DA:36,4
DA:38,1
DA:40,1
DA:41,1
DA:42,1
DA:45,1
DA:46,1
DA:50,7
DA:55,1
DA:56,1
DA:76,1
DA:89,6
DA:90,1
DA:95,0
DA:96,0
DA:97,0
DA:101,2
DA:102,5
DA:103,1
DA:104,1
DA:109,1
DA:110,3
DA:111,2
DA:115,0
LF:38
LH:32
end_of_record
